[2016.10.08-09.12.19:194][  0]Log file open, 10/08/16 19:12:19
[2016.10.08-09.12.19:194][  0]LogInit:Display: Running engine for game: MyProjectFuck
[2016.10.08-09.12.19:194][  0]LogPlatformFile: Not using cached read wrapper
[2016.10.08-09.12.19:194][  0]LogInit:Display: RandInit(-971084333) SRandInit(-971084331).
[2016.10.08-09.12.19:194][  0]LogTaskGraph: Started task graph with 4 named threads and 5 total threads.
[2016.10.08-09.12.19:194][  0]LogStats: Stats thread started at 0.303010
[2016.10.08-09.12.19:194][  0]LogInit: Version: 4.10.4-2872498+++depot+UE4-Releases+4.10
[2016.10.08-09.12.19:194][  0]LogInit: API Version: 2758231
[2016.10.08-09.12.19:194][  0]LogInit: Compiled (64-bit): Feb 18 2016 15:47:04
[2016.10.08-09.12.19:194][  0]LogInit: Compiled with Visual C++: 19.00.23026.00
[2016.10.08-09.12.19:194][  0]LogInit: Build Configuration: Development
[2016.10.08-09.12.19:194][  0]LogInit: Branch Name: ++depot+UE4-Releases+4.10
[2016.10.08-09.12.19:194][  0]LogInit: Command line:  /Temp/Autosaves/Game/Level/UEDPCTheLevel -game -PIEVIACONSOLE -ResX=1280 -ResY=720  -Multiprocess 
[2016.10.08-09.12.19:194][  0]LogInit: Base directory: B:/Unreal engine/Epic Games/4.10/Engine/Binaries/Win64/
[2016.10.08-09.12.19:194][  0]LogInit: Rocket: 1
[2016.10.08-09.12.19:260][  0]LogInit: Using libcurl 7.41.0
[2016.10.08-09.12.19:260][  0]LogInit:  - built for x86_64-pc-win32
[2016.10.08-09.12.19:260][  0]LogInit:  - supports SSL with WinSSL
[2016.10.08-09.12.19:260][  0]LogInit:  - other features:
[2016.10.08-09.12.19:260][  0]LogInit:      CURL_VERSION_SSL
[2016.10.08-09.12.19:260][  0]LogInit:      CURL_VERSION_IPV6
[2016.10.08-09.12.19:260][  0]LogInit:      CURL_VERSION_ASYNCHDNS
[2016.10.08-09.12.19:260][  0]LogInit:      CURL_VERSION_LARGEFILE
[2016.10.08-09.12.19:260][  0]LogInit:      CURL_VERSION_IDN
[2016.10.08-09.12.19:263][  0]LogInit:  CurlRequestOptions (configurable via config and command line):
[2016.10.08-09.12.19:263][  0]LogInit:  - bVerifyPeer = true  - Libcurl will verify peer certificate
[2016.10.08-09.12.19:263][  0]LogInit:  - bUseHttpProxy = false  - Libcurl will NOT use HTTP proxy
[2016.10.08-09.12.19:263][  0]LogInit:  - bDontReuseConnections = false  - Libcurl will reuse connections
[2016.10.08-09.12.19:263][  0]LogInit:  - CertBundlePath = nullptr  - Libcurl will use whatever was configured at build time.
[2016.10.08-09.12.19:303][  0]LogInit: Presizing for 0 objects not considered by GC, pre-allocating 0 bytes.
[2016.10.08-09.12.19:335][  0]LogInit: Object subsystem initialized
[2016.10.08-09.12.19:336][  0]LogInit: Selected Device Profile: [Windows]
[2016.10.08-09.12.19:336][  0]LogInit: Applying CVar settings loaded from the selected device profile: [Windows]
[2016.10.08-09.12.19:350][  0]LogInit: Computer: JUSTACOMPUTER
[2016.10.08-09.12.19:350][  0]LogInit: User: Psychonaut
[2016.10.08-09.12.19:350][  0]LogInit: CPU Page size=4096, Cores=2
[2016.10.08-09.12.19:350][  0]LogInit: High frequency timer resolution =3.025400 MHz
[2016.10.08-09.12.19:350][  0]LogMemory: Memory total: Physical=7.9GB (8GB approx)
[2016.10.08-09.12.19:350][  0]LogMemory: Platform Memory Stats for Windows
[2016.10.08-09.12.19:350][  0]LogMemory: Process Physical Memory: 56.47 MB used, 56.47 MB peak
[2016.10.08-09.12.19:350][  0]LogMemory: Process Virtual Memory: 55.63 MB used, 55.63 MB peak
[2016.10.08-09.12.19:350][  0]LogMemory: Physical Memory: 6656.38 MB used, 8135.63 MB total
[2016.10.08-09.12.19:350][  0]LogMemory: Virtual Memory: 376.12 MB used, 134217728.00 MB total
[2016.10.08-09.12.19:423][  0]LogTextLocalizationManager: No translations for ('ru-RU') exist, falling back to 'en' for localization and internationalization data.
[2016.10.08-09.12.21:410][  0]LogD3D11RHI: Found D3D11 adapter 0: NVIDIA GeForce GT 740 (Feature Level 11_0)
[2016.10.08-09.12.21:410][  0]LogD3D11RHI: Adapter has 2017MB of dedicated video memory, 0MB of dedicated system memory, and 4067MB of shared system memory, 1 output[s]
[2016.10.08-09.12.21:412][  0]LogD3D11RHI: Found D3D11 adapter 1: Microsoft Basic Render Driver (Feature Level 11_0)
[2016.10.08-09.12.21:412][  0]LogD3D11RHI: Adapter has 0MB of dedicated video memory, 0MB of dedicated system memory, and 4067MB of shared system memory, 0 output[s]
[2016.10.08-09.12.21:412][  0]LogD3D11RHI: Chosen D3D11 Adapter Id = 0
[2016.10.08-09.12.21:420][  0]LogD3D11RHI: !Direct3DDevice
[2016.10.08-09.12.21:420][  0]LogRHI: Texture pool is 1361 MB (70% of 1945 MB)
[2016.10.08-09.12.21:448][  0]LogD3D11RHI: Async texture creation enabled
[2016.10.08-09.12.21:462][  0]LogShaderCompilers: Guid format shader working directory is -10 characters bigger than the processId version (C:/Users/Psychonaut/Documents/Unreal Projects/SpaceProject/Intermediate/Shaders/WorkingDirectory/10124/).
[2016.10.08-09.12.21:462][  0]LogShaderCompilers: Cleaned the shader compiler working directory 'C:/Users/PSYCHO~1/AppData/Local/Temp/UnrealShaderWorkingDir/1D555F0440ED4766452BFD9B50D7720D/'.
[2016.10.08-09.12.21:462][  0]LogShaderCompilers:Display: Using Local Shader Compiler.
[2016.10.08-09.12.24:296][  0]LogTemp:Display: Loaded TP AllDesktopTargetPlatform
[2016.10.08-09.12.24:304][  0]LogTemp:Display: Loaded TP WindowsClientTargetPlatform
[2016.10.08-09.12.24:314][  0]LogTemp:Display: Loaded TP WindowsNoEditorTargetPlatform
[2016.10.08-09.12.24:335][  0]LogTemp:Display: Loaded TP WindowsServerTargetPlatform
[2016.10.08-09.12.24:339][  0]LogTemp:Display: Loaded TP WindowsTargetPlatform
[2016.10.08-09.12.24:355][  0]LogTemp:Display: Loaded TP AndroidTargetPlatform
[2016.10.08-09.12.24:358][  0]LogTemp:Display: Loaded TP Android_ASTCTargetPlatform
[2016.10.08-09.12.24:362][  0]LogTemp:Display: Loaded TP Android_ATCTargetPlatform
[2016.10.08-09.12.24:366][  0]LogTemp:Display: Loaded TP Android_DXTTargetPlatform
[2016.10.08-09.12.24:369][  0]LogTemp:Display: Loaded TP Android_ETC1TargetPlatform
[2016.10.08-09.12.24:373][  0]LogTemp:Display: Loaded TP Android_ETC2TargetPlatform
[2016.10.08-09.12.24:380][  0]LogTemp:Display: Loaded TP Android_MultiTargetPlatform
[2016.10.08-09.12.24:380][  0]LogTemp:Display: Loaded TP Android_PVRTCTargetPlatform
[2016.10.08-09.12.24:381][  0]LogTemp:Display: Loaded TP HTML5TargetPlatform
[2016.10.08-09.12.24:486][  0]LogTemp:Display: Loaded TP IOSTargetPlatform
[2016.10.08-09.12.24:507][  0]LogTemp:Display: Loaded TP LinuxNoEditorTargetPlatform
[2016.10.08-09.12.24:521][  0]LogTemp:Display: Loaded TP LinuxServerTargetPlatform
[2016.10.08-09.12.24:562][  0]LogTemp:Display: Loaded TP LinuxTargetPlatform
[2016.10.08-09.12.24:562][  0]LogTargetPlatformManager:Display: Building Assets For Windows
[2016.10.08-09.12.25:089][  0]LogDerivedDataCache:Display: Max Cache Size: 512 MB
[2016.10.08-09.12.25:732][  0]LogDerivedDataCache: Loaded boot cache 0.63s 41MB C:/Users/Psychonaut/AppData/Local/UnrealEngine/4.10/DerivedDataCache/Boot.ddc.
[2016.10.08-09.12.25:732][  0]LogDerivedDataCache:Display: Loaded Boot cache: C:/Users/Psychonaut/AppData/Local/UnrealEngine/4.10/DerivedDataCache/Boot.ddc
[2016.10.08-09.12.25:732][  0]LogDerivedDataCache: FDerivedDataBackendGraph:  Pak pak cache file C:/Users/Psychonaut/Documents/Unreal Projects/SpaceProject/DerivedDataCache/DDC.ddp not found, will not use a pak cache.
[2016.10.08-09.12.25:732][  0]LogDerivedDataCache: Unable to find inner node Pak for hierarchical cache Hierarchy.
[2016.10.08-09.12.25:732][  0]LogDerivedDataCache: FDerivedDataBackendGraph:  CompressedPak pak cache file C:/Users/Psychonaut/Documents/Unreal Projects/SpaceProject/DerivedDataCache/Compressed.ddp not found, will not use a pak cache.
[2016.10.08-09.12.25:732][  0]LogDerivedDataCache: Unable to find inner node CompressedPak for hierarchical cache Hierarchy.
[2016.10.08-09.12.25:872][  0]LogDerivedDataCache:Display: Pak cache opened for reading ../../../Engine/DerivedDataCache/Compressed.ddp.
[2016.10.08-09.12.25:884][  0]LogDerivedDataCache: Using Local data cache path C:/Users/Psychonaut/AppData/Local/UnrealEngine/Common/DerivedDataCache: Writable
[2016.10.08-09.12.29:742][  0]LogInit: Selected Device Profile: [Windows]
[2016.10.08-09.12.29:747][  0]LogContentStreaming: Texture pool size is 1000.000000MB
[2016.10.08-09.12.30:067][  0]LogMeshUtilities: No automatic mesh reduction module available
[2016.10.08-09.12.30:067][  0]LogMeshUtilities: No automatic mesh merging module available
[2016.10.08-09.12.30:614][  0]LogInit: WinSock: version 1.1 (2.2), MaxSocks=32767, MaxUdp=65467
[2016.10.08-09.12.32:528][  0]LogWindowsMoviePlayer: Unable to load movie: C:/Users/Psychonaut/Documents/Unreal Projects/SpaceProject/Content/Movies/Default_Startup.mp4
[2016.10.08-09.12.33:136][  0]SourceControl: Info Source control is disabled
[2016.10.08-09.12.33:136][  0]SourceControl: Info Source control is disabled
[2016.10.08-09.12.33:213][  0]SourceControl: Info Source control is disabled
[2016.10.08-09.12.33:772][  0]LogObj: 27935 objects as part of root set at end of initial load.
[2016.10.08-09.12.33:772][  0]LogUObjectAllocator: 5830064 out of 0 bytes used by permanent object pool.
[2016.10.08-09.12.34:241][  0]LogEngine: Initializing Engine...
[2016.10.08-09.12.34:243][  0]LogHMD: Can't find Oculus library dev build: is proper Runtime installed? Version: 0.8.0.0
[2016.10.08-09.12.34:300][  0]LogHMD: SteamVR failed to initialize.  Err: 110
[2016.10.08-09.12.34:475][  0]LogInit: XAudio2 using 'Динамики (USB Audio Device)' : 2 channels at 48 kHz using 16 bits per sample (channel mask 0x3)
[2016.10.08-09.12.34:492][  0]LogInit: FAudioDevice initialized.
[2016.10.08-09.12.34:502][  0]LogInit: Texture streaming: Enabled
[2016.10.08-09.12.34:794][  0]LogNet: Browse: /Temp/Autosaves/Game/Level/UEDPCTheLevel?Name=Player
[2016.10.08-09.12.34:794][  0]LogLoad: LoadMap: /Temp/Autosaves/Game/Level/UEDPCTheLevel?Name=Player
[2016.10.08-09.12.34:825][  0]LogParticles: Destroying 0 GPU particle simulations for FXSystem 0x000001899A055D00
[2016.10.08-09.12.34:865][  0]LogMemory: Platform Memory Stats for Windows
[2016.10.08-09.12.34:865][  0]LogMemory: Process Physical Memory: 397.05 MB used, 397.05 MB peak
[2016.10.08-09.12.34:865][  0]LogMemory: Process Virtual Memory: 443.27 MB used, 443.27 MB peak
[2016.10.08-09.12.34:865][  0]LogMemory: Physical Memory: 6903.71 MB used, 8135.63 MB total
[2016.10.08-09.12.34:865][  0]LogMemory: Virtual Memory: 994.35 MB used, 134217728.00 MB total
[2016.10.08-09.12.34:871][  0]LogMemory: 
[2016.10.08-09.12.34:871][  0]Allocator Stats for TBB: (not implemented)
[2016.10.08-09.12.35:753][  0]LogAssetRegistry: FAssetRegistry took 0.0002 seconds to start up
[2016.10.08-09.12.39:124][  0]LogAIModule: Creating AISystem for world TheLevel
[2016.10.08-09.12.39:145][  0]LogWorld: Game class is 'MainGameMod_C'
[2016.10.08-09.12.39:148][  0]LogWorld: Bringing World /Temp/Autosaves/Game/Level/UEDPCTheLevel.TheLevel up for play (max tick rate 0) at 2016.10.08-19.12.39
[2016.10.08-09.12.39:149][  0]LogWorld: Bringing up level for play took: 0.002975
[2016.10.08-09.12.39:151][  0]LogInit:Display: Game Engine Initialized.
[2016.10.08-09.12.39:503][  0]LogLoad: Full Startup: 22.09 seconds (BP compile: 0.79 seconds)
[2016.10.08-09.12.39:526][  0]LogWindowsTextInputMethodSystem:Display: IME system now deactivated.
[2016.10.08-09.12.39:532][  0]LogOcInput: Can't find Oculus library dev build: is proper Runtime installed? Version: 0.8.0.0
[2016.10.08-09.12.39:634][  1]LogBlueprintUserMessages: [BuildMaster] true
[2016.10.08-09.12.39:730][  2]LogRenderer: Reallocating scene render targets to support 1280x720 (Frame:2).
[2016.10.08-09.12.41:870][  2]LogD3D11RHI:Error: Direct3DDevice->CreateTexture2D(TextureDesc,SubResourceData,OutTexture2D) failed 
 at D:\BuildFarm\buildmachine_++depot+UE4-Releases+4.10\Engine\Source\Runtime\Windows\D3D11RHI\Private\D3D11Texture.cpp:432 
 with error E_OUTOFMEMORY, 
 Size=640x360x1 Format=DXGI_FORMAT_R16G16B16A16_FLOAT(0x0000000A), NumMips=1, Flags=D3D11_BIND_RENDER_TARGET D3D11_BIND_SHADER_RESOURCE 
[2016.10.08-09.12.48:925][  2]LogConsoleResponse:     13 = 12288 KB (Cube 1024 PF_ShadowDepth) CubeShadowDepthZ[]
[2016.10.08-09.12.48:925][  2]LogConsoleResponse:     11 = 8192 KB (2D 1024x1024 PF_FloatRGBA RT) TranslucencyShadowTransmission0
[2016.10.08-09.12.48:925][  2]LogConsoleResponse:     12 = 8192 KB (2D 1024x1024 PF_FloatRGBA RT) TranslucencyShadowTransmission1
[2016.10.08-09.12.48:925][  2]LogConsoleResponse:     19 = 8192 KB (2D 2048x2048 PF_ShadowDepth) PreShadowCacheDepthZ
[2016.10.08-09.12.48:925][  2]LogConsoleResponse:     18 = 8192 KB (2D 2048x2048 PF_ShadowDepth) ShadowDepthZ
[2016.10.08-09.12.48:925][  2]LogConsoleResponse:     42 = 7200 KB (2D 1280x720 PF_FloatRGBA RT UAV VRam) SceneColor VRamInKB(Start/Size):<NONE>
[2016.10.08-09.12.48:925][  2]LogConsoleResponse:     27 = 7200 KB (2D 1280x720 PF_FloatRGBA RT UAV) LightAccumulation
[2016.10.08-09.12.48:925][  2]LogConsoleResponse:     50 = 7200 KB (2D 1280x720 PF_FloatRGBA RT VRam) BokehDOFRecombine VRamInKB(Start/Size):<NONE>
[2016.10.08-09.12.48:925][  2]LogConsoleResponse:     51 = 7200 KB (2D 1280x720 PF_FloatRGBA RT VRam) TemporalAA VRamInKB(Start/Size):<NONE>
[2016.10.08-09.12.48:925][  2]LogConsoleResponse:     48 = 7200 KB (2D 1280x720 PF_FloatRGBA RT) ScreenSpaceReflections
[2016.10.08-09.12.48:925][  2]LogConsoleResponse:     49 = 7200 KB (2D 1280x720 PF_FloatRGBA RT) SeparateTranslucency
[2016.10.08-09.12.48:925][  2]LogConsoleResponse:     37 = 3600 KB (2D 1280x720 PF_A2B10G10R10 RT) GBufferA
[2016.10.08-09.12.48:925][  2]LogConsoleResponse:     39 = 3600 KB (2D 1280x720 PF_B8G8R8A8 RT sRGB) GBufferC
[2016.10.08-09.12.48:925][  2]LogConsoleResponse:     47 = 3600 KB (2D 1280x720 PF_B8G8R8A8 RT VRam) LightAttenuation VRamInKB(Start/Size):<NONE>
[2016.10.08-09.12.48:925][  2]LogConsoleResponse:     38 = 3600 KB (2D 1280x720 PF_B8G8R8A8 RT) GBufferB
[2016.10.08-09.12.48:925][  2]LogConsoleResponse:     40 = 3600 KB (2D 1280x720 PF_B8G8R8A8 RT) GBufferD
[2016.10.08-09.12.48:925][  2]LogConsoleResponse:     41 = 3600 KB (2D 1280x720 PF_B8G8R8A8 RT) GBufferE
[2016.10.08-09.12.48:925][  2]LogConsoleResponse:      9 = 3600 KB (2D 1280x720 PF_DepthStencil VRam) SceneDepthZ VRamInKB(Start/Size):<NONE>
[2016.10.08-09.12.48:925][  2]LogConsoleResponse:     44 = 3600 KB (2D 1280x720 PF_G16R16 RT) Velocity
[2016.10.08-09.12.48:925][  2]LogConsoleResponse:     14 = 3072 KB (Cube 512 PF_ShadowDepth) CubeShadowDepthZ[]
[2016.10.08-09.12.48:925][  2]LogConsoleResponse:     21 = 2048 KB (3D 64x64x64 PF_FloatRGBA RT) TranslucentVolume0
[2016.10.08-09.12.48:925][  2]LogConsoleResponse:     23 = 2048 KB (3D 64x64x64 PF_FloatRGBA RT) TranslucentVolume1
[2016.10.08-09.12.48:925][  2]LogConsoleResponse:     25 = 2048 KB (3D 64x64x64 PF_FloatRGBA RT) TranslucentVolume2
[2016.10.08-09.12.48:925][  2]LogConsoleResponse:     22 = 2048 KB (3D 64x64x64 PF_FloatRGBA RT) TranslucentVolumeDir0
[2016.10.08-09.12.48:925][  2]LogConsoleResponse:     24 = 2048 KB (3D 64x64x64 PF_FloatRGBA RT) TranslucentVolumeDir1
[2016.10.08-09.12.48:925][  2]LogConsoleResponse:     26 = 2048 KB (3D 64x64x64 PF_FloatRGBA RT) TranslucentVolumeDir2
[2016.10.08-09.12.48:925][  2]LogConsoleResponse:     34 = 2048 KB (3D 64x64x64 PF_FloatRGBA) IndirectLightingCache_0
[2016.10.08-09.12.48:925][  2]LogConsoleResponse:     35 = 2048 KB (3D 64x64x64 PF_FloatRGBA) IndirectLightingCache_1
[2016.10.08-09.12.48:925][  2]LogConsoleResponse:     36 = 2048 KB (3D 64x64x64 PF_FloatRGBA) IndirectLightingCache_2
[2016.10.08-09.12.48:925][  2]LogConsoleResponse:     10 = 1800 KB (2D 640x360 PF_DepthStencil) SmallDepthZ
[2016.10.08-09.12.48:925][  2]LogConsoleResponse:     45 = 1800 KB (2D 640x360 PF_FloatRGBA RT VRam) AmbientOcclusionSetup VRamInKB(Start/Size):<NONE>
[2016.10.08-09.12.48:925][  2]LogConsoleResponse:     52 = 1800 KB (2D 640x360 PF_FloatRGBA RT) MotionBlurSetup0
[2016.10.08-09.12.48:925][  2]LogConsoleResponse:     43 = 1366 KB (2D 1024x512 PF_R16F RT VRam) HZB VRamInKB(Start/Size):<NONE>
[2016.10.08-09.12.48:925][  2]LogConsoleResponse:     28 = 1024 KB (Cube 128 PF_FloatRGBA RT) ReflectionColorScratchCubemap0
[2016.10.08-09.12.48:925][  2]LogConsoleResponse:     29 = 1024 KB (Cube 128 PF_FloatRGBA RT) ReflectionColorScratchCubemap1
[2016.10.08-09.12.48:925][  2]LogConsoleResponse:     20 = 900 KB (2D 1280x720 PF_G8 RT) ScreenSpaceAO
[2016.10.08-09.12.48:925][  2]LogConsoleResponse:     46 = 900 KB (2D 640x360 PF_B8G8R8A8 RT VRam) AmbientOcclusion VRamInKB(Start/Size):<NONE>
[2016.10.08-09.12.48:925][  2]LogConsoleResponse:     15 = 768 KB (Cube 256 PF_ShadowDepth) CubeShadowDepthZ[]
[2016.10.08-09.12.48:925][  2]LogConsoleResponse:      1 = 256 KB (2D 256x256 PF_B8G8R8A8) HZBResultsCPU
[2016.10.08-09.12.48:925][  2]LogConsoleResponse:     16 = 192 KB (Cube 128 PF_ShadowDepth) CubeShadowDepthZ[]
[2016.10.08-09.12.48:925][  2]LogConsoleResponse:      4 = 64 KB (2D 128x128 PF_B8G8R8A8) PerlinNoiseGradient
[2016.10.08-09.12.48:925][  2]LogConsoleResponse:     30 = 64 KB (Cube 32 PF_FloatRGBA RT) DiffuseIrradianceScratchCubemap0
[2016.10.08-09.12.48:925][  2]LogConsoleResponse:     31 = 64 KB (Cube 32 PF_FloatRGBA RT) DiffuseIrradianceScratchCubemap1
[2016.10.08-09.12.48:925][  2]LogConsoleResponse:      8 = 16 KB (2D 128x32 PF_G16R16 VRam) PreintegratedGF VRamInKB(Start/Size):<NONE>
[2016.10.08-09.12.48:925][  2]LogConsoleResponse:      7 = 16 KB (2D 64x64 PF_B8G8R8A8) SSAORandomization
[2016.10.08-09.12.48:925][  2]LogConsoleResponse:      6 = 16 KB (3D 16x16x16 PF_B8G8R8A8) PerlinNoise3D
[2016.10.08-09.12.48:925][  2]LogConsoleResponse:     17 = 12 KB (Cube 32 PF_ShadowDepth) CubeShadowDepthZ[]
[2016.10.08-09.12.48:925][  2]LogConsoleResponse:      3 = 1 KB (2D 1x1 PF_B8G8R8A8 RT) BlackDummy
[2016.10.08-09.12.48:925][  2]LogConsoleResponse:      2 = 1 KB (2D 1x1 PF_B8G8R8A8 RT) WhiteDummy
[2016.10.08-09.12.48:925][  2]LogConsoleResponse:      5 = 1 KB (2D 1x1 PF_FloatRGBA RT) MaxFP16Depth
[2016.10.08-09.12.48:925][  2]LogConsoleResponse:     33 = 1 KB (2D 1x1 PF_R32_FLOAT RT) ReflectionBrightness0
[2016.10.08-09.12.48:925][  2]LogConsoleResponse:     32 = 1 KB (2D 9x1 PF_FloatRGBA RT) SkySHIrradianceMap
[2016.10.08-09.12.48:925][  2]LogConsoleResponse:     53 = 0 KB (2D 640x360 PF_FloatRGBA RT VRam) MotionBlurSetup1 VRamInKB(Start/Size):<NONE>
[2016.10.08-09.12.48:925][  2]LogConsoleResponse: 
[2016.10.08-09.12.48:925][  2]LogConsoleResponse: Pool: 110/148 MB (referenced/allocated)
[2016.10.08-09.12.48:925][  2]LogWindows: FPlatformMisc::RequestExit(1)
[2016.10.08-09.12.48:925][  2]Log file closed, 10/08/16 19:12:48
