[2016.10.08-04.26.28:346][  0]Log file open, 10/08/16 14:26:28
[2016.10.08-04.26.28:346][  0]LogInit:Display: Running engine for game: MyProjectFuck
[2016.10.08-04.26.28:346][  0]LogPlatformFile: Not using cached read wrapper
[2016.10.08-04.26.28:346][  0]LogInit:Display: RandInit(-1317028040) SRandInit(-1317028038).
[2016.10.08-04.26.28:346][  0]LogTaskGraph: Started task graph with 4 named threads and 5 total threads.
[2016.10.08-04.26.28:346][  0]LogStats: Stats thread started at 0.081289
[2016.10.08-04.26.28:346][  0]LogInit: Version: 4.10.4-2872498+++depot+UE4-Releases+4.10
[2016.10.08-04.26.28:346][  0]LogInit: API Version: 2758231
[2016.10.08-04.26.28:346][  0]LogInit: Compiled (64-bit): Feb 18 2016 15:47:04
[2016.10.08-04.26.28:346][  0]LogInit: Compiled with Visual C++: 19.00.23026.00
[2016.10.08-04.26.28:346][  0]LogInit: Build Configuration: Development
[2016.10.08-04.26.28:346][  0]LogInit: Branch Name: ++depot+UE4-Releases+4.10
[2016.10.08-04.26.28:346][  0]LogInit: Command line:  /Temp/Autosaves/Game/Level/UEDPCTheLevel -game -PIEVIACONSOLE -ResX=1280 -ResY=720  -Multiprocess 
[2016.10.08-04.26.28:346][  0]LogInit: Base directory: B:/Unreal engine/Epic Games/4.10/Engine/Binaries/Win64/
[2016.10.08-04.26.28:346][  0]LogInit: Rocket: 1
[2016.10.08-04.26.28:374][  0]LogInit: Using libcurl 7.41.0
[2016.10.08-04.26.28:374][  0]LogInit:  - built for x86_64-pc-win32
[2016.10.08-04.26.28:374][  0]LogInit:  - supports SSL with WinSSL
[2016.10.08-04.26.28:374][  0]LogInit:  - other features:
[2016.10.08-04.26.28:374][  0]LogInit:      CURL_VERSION_SSL
[2016.10.08-04.26.28:374][  0]LogInit:      CURL_VERSION_IPV6
[2016.10.08-04.26.28:374][  0]LogInit:      CURL_VERSION_ASYNCHDNS
[2016.10.08-04.26.28:374][  0]LogInit:      CURL_VERSION_LARGEFILE
[2016.10.08-04.26.28:374][  0]LogInit:      CURL_VERSION_IDN
[2016.10.08-04.26.28:374][  0]LogInit:  CurlRequestOptions (configurable via config and command line):
[2016.10.08-04.26.28:374][  0]LogInit:  - bVerifyPeer = true  - Libcurl will verify peer certificate
[2016.10.08-04.26.28:374][  0]LogInit:  - bUseHttpProxy = false  - Libcurl will NOT use HTTP proxy
[2016.10.08-04.26.28:374][  0]LogInit:  - bDontReuseConnections = false  - Libcurl will reuse connections
[2016.10.08-04.26.28:374][  0]LogInit:  - CertBundlePath = nullptr  - Libcurl will use whatever was configured at build time.
[2016.10.08-04.26.28:390][  0]LogInit: Presizing for 0 objects not considered by GC, pre-allocating 0 bytes.
[2016.10.08-04.26.28:412][  0]LogInit: Object subsystem initialized
[2016.10.08-04.26.28:413][  0]LogInit: Selected Device Profile: [Windows]
[2016.10.08-04.26.28:413][  0]LogInit: Applying CVar settings loaded from the selected device profile: [Windows]
[2016.10.08-04.26.28:417][  0]LogInit: Computer: JUSTACOMPUTER
[2016.10.08-04.26.28:417][  0]LogInit: User: Psychonaut
[2016.10.08-04.26.28:417][  0]LogInit: CPU Page size=4096, Cores=2
[2016.10.08-04.26.28:417][  0]LogInit: High frequency timer resolution =3.025400 MHz
[2016.10.08-04.26.28:417][  0]LogMemory: Memory total: Physical=7.9GB (8GB approx)
[2016.10.08-04.26.28:418][  0]LogMemory: Platform Memory Stats for Windows
[2016.10.08-04.26.28:418][  0]LogMemory: Process Physical Memory: 56.48 MB used, 56.48 MB peak
[2016.10.08-04.26.28:418][  0]LogMemory: Process Virtual Memory: 55.63 MB used, 55.63 MB peak
[2016.10.08-04.26.28:418][  0]LogMemory: Physical Memory: 5228.24 MB used, 8135.63 MB total
[2016.10.08-04.26.28:418][  0]LogMemory: Virtual Memory: 376.12 MB used, 134217728.00 MB total
[2016.10.08-04.26.28:463][  0]LogTextLocalizationManager: No translations for ('ru-RU') exist, falling back to 'en' for localization and internationalization data.
[2016.10.08-04.26.29:526][  0]LogD3D11RHI: Found D3D11 adapter 0: NVIDIA GeForce GT 740 (Feature Level 11_0)
[2016.10.08-04.26.29:526][  0]LogD3D11RHI: Adapter has 2017MB of dedicated video memory, 0MB of dedicated system memory, and 4067MB of shared system memory, 1 output[s]
[2016.10.08-04.26.29:535][  0]LogD3D11RHI: Found D3D11 adapter 1: Microsoft Basic Render Driver (Feature Level 11_0)
[2016.10.08-04.26.29:535][  0]LogD3D11RHI: Adapter has 0MB of dedicated video memory, 0MB of dedicated system memory, and 4067MB of shared system memory, 0 output[s]
[2016.10.08-04.26.29:535][  0]LogD3D11RHI: Chosen D3D11 Adapter Id = 0
[2016.10.08-04.26.29:540][  0]LogD3D11RHI: !Direct3DDevice
[2016.10.08-04.26.29:541][  0]LogRHI: Texture pool is 1361 MB (70% of 1945 MB)
[2016.10.08-04.26.29:557][  0]LogD3D11RHI: Async texture creation enabled
[2016.10.08-04.26.29:569][  0]LogShaderCompilers: Guid format shader working directory is -9 characters bigger than the processId version (C:/Users/Psychonaut/Documents/Unreal Projects/SpaceProject/Intermediate/Shaders/WorkingDirectory/7976/).
[2016.10.08-04.26.29:569][  0]LogShaderCompilers: Cleaned the shader compiler working directory 'C:/Users/PSYCHO~1/AppData/Local/Temp/UnrealShaderWorkingDir/25A4806D43A831860DA0E18FC184764E/'.
[2016.10.08-04.26.29:569][  0]LogShaderCompilers:Display: Using Local Shader Compiler.
[2016.10.08-04.26.30:640][  0]LogTemp:Display: Loaded TP AllDesktopTargetPlatform
[2016.10.08-04.26.30:646][  0]LogTemp:Display: Loaded TP WindowsClientTargetPlatform
[2016.10.08-04.26.30:653][  0]LogTemp:Display: Loaded TP WindowsNoEditorTargetPlatform
[2016.10.08-04.26.30:658][  0]LogTemp:Display: Loaded TP WindowsServerTargetPlatform
[2016.10.08-04.26.30:666][  0]LogTemp:Display: Loaded TP WindowsTargetPlatform
[2016.10.08-04.26.30:670][  0]LogTemp:Display: Loaded TP AndroidTargetPlatform
[2016.10.08-04.26.30:674][  0]LogTemp:Display: Loaded TP Android_ASTCTargetPlatform
[2016.10.08-04.26.30:678][  0]LogTemp:Display: Loaded TP Android_ATCTargetPlatform
[2016.10.08-04.26.30:684][  0]LogTemp:Display: Loaded TP Android_DXTTargetPlatform
[2016.10.08-04.26.30:688][  0]LogTemp:Display: Loaded TP Android_ETC1TargetPlatform
[2016.10.08-04.26.30:692][  0]LogTemp:Display: Loaded TP Android_ETC2TargetPlatform
[2016.10.08-04.26.30:702][  0]LogTemp:Display: Loaded TP Android_MultiTargetPlatform
[2016.10.08-04.26.30:702][  0]LogTemp:Display: Loaded TP Android_PVRTCTargetPlatform
[2016.10.08-04.26.30:703][  0]LogTemp:Display: Loaded TP HTML5TargetPlatform
[2016.10.08-04.26.30:721][  0]LogTemp:Display: Loaded TP IOSTargetPlatform
[2016.10.08-04.26.30:725][  0]LogTemp:Display: Loaded TP LinuxNoEditorTargetPlatform
[2016.10.08-04.26.30:732][  0]LogTemp:Display: Loaded TP LinuxServerTargetPlatform
[2016.10.08-04.26.30:737][  0]LogTemp:Display: Loaded TP LinuxTargetPlatform
[2016.10.08-04.26.30:737][  0]LogTargetPlatformManager:Display: Building Assets For Windows
[2016.10.08-04.26.30:827][  0]LogDerivedDataCache:Display: Max Cache Size: 512 MB
[2016.10.08-04.26.30:910][  0]LogDerivedDataCache: Loaded boot cache 0.08s 41MB C:/Users/Psychonaut/AppData/Local/UnrealEngine/4.10/DerivedDataCache/Boot.ddc.
[2016.10.08-04.26.30:910][  0]LogDerivedDataCache:Display: Loaded Boot cache: C:/Users/Psychonaut/AppData/Local/UnrealEngine/4.10/DerivedDataCache/Boot.ddc
[2016.10.08-04.26.30:910][  0]LogDerivedDataCache: FDerivedDataBackendGraph:  Pak pak cache file C:/Users/Psychonaut/Documents/Unreal Projects/SpaceProject/DerivedDataCache/DDC.ddp not found, will not use a pak cache.
[2016.10.08-04.26.30:910][  0]LogDerivedDataCache: Unable to find inner node Pak for hierarchical cache Hierarchy.
[2016.10.08-04.26.30:910][  0]LogDerivedDataCache: FDerivedDataBackendGraph:  CompressedPak pak cache file C:/Users/Psychonaut/Documents/Unreal Projects/SpaceProject/DerivedDataCache/Compressed.ddp not found, will not use a pak cache.
[2016.10.08-04.26.30:910][  0]LogDerivedDataCache: Unable to find inner node CompressedPak for hierarchical cache Hierarchy.
[2016.10.08-04.26.31:025][  0]LogDerivedDataCache:Display: Pak cache opened for reading ../../../Engine/DerivedDataCache/Compressed.ddp.
[2016.10.08-04.26.31:036][  0]LogDerivedDataCache: Using Local data cache path C:/Users/Psychonaut/AppData/Local/UnrealEngine/Common/DerivedDataCache: Writable
[2016.10.08-04.26.31:312][  0]LogInit: Selected Device Profile: [Windows]
[2016.10.08-04.26.31:316][  0]LogContentStreaming: Texture pool size is 1000.000000MB
[2016.10.08-04.26.31:466][  0]LogMeshUtilities: No automatic mesh reduction module available
[2016.10.08-04.26.31:466][  0]LogMeshUtilities: No automatic mesh merging module available
[2016.10.08-04.26.31:770][  0]LogInit: WinSock: version 1.1 (2.2), MaxSocks=32767, MaxUdp=65467
[2016.10.08-04.26.32:229][  0]LogWindowsMoviePlayer: Unable to load movie: C:/Users/Psychonaut/Documents/Unreal Projects/SpaceProject/Content/Movies/Default_Startup.mp4
[2016.10.08-04.26.32:395][  0]SourceControl: Info Source control is disabled
[2016.10.08-04.26.32:395][  0]SourceControl: Info Source control is disabled
[2016.10.08-04.26.32:524][  0]SourceControl: Info Source control is disabled
[2016.10.08-04.26.32:738][  0]LogObj: 27935 objects as part of root set at end of initial load.
[2016.10.08-04.26.32:738][  0]LogUObjectAllocator: 5830064 out of 0 bytes used by permanent object pool.
[2016.10.08-04.26.32:807][  0]LogEngine: Initializing Engine...
[2016.10.08-04.26.32:810][  0]LogHMD: Can't find Oculus library dev build: is proper Runtime installed? Version: 0.8.0.0
[2016.10.08-04.26.32:810][  0]LogHMD: SteamVR failed to initialize.  Err: 110
[2016.10.08-04.26.32:959][  0]LogInit: XAudio2 using 'Динамики (USB Audio Device)' : 2 channels at 48 kHz using 16 bits per sample (channel mask 0x3)
[2016.10.08-04.26.32:976][  0]LogInit: FAudioDevice initialized.
[2016.10.08-04.26.32:982][  0]LogInit: Texture streaming: Enabled
[2016.10.08-04.26.33:316][  0]LogNet: Browse: /Temp/Autosaves/Game/Level/UEDPCTheLevel?Name=Player
[2016.10.08-04.26.33:316][  0]LogLoad: LoadMap: /Temp/Autosaves/Game/Level/UEDPCTheLevel?Name=Player
[2016.10.08-04.26.33:337][  0]LogParticles: Destroying 0 GPU particle simulations for FXSystem 0x000001B1FB08AC00
[2016.10.08-04.26.33:367][  0]LogMemory: Platform Memory Stats for Windows
[2016.10.08-04.26.33:367][  0]LogMemory: Process Physical Memory: 401.93 MB used, 401.93 MB peak
[2016.10.08-04.26.33:367][  0]LogMemory: Process Virtual Memory: 447.32 MB used, 447.32 MB peak
[2016.10.08-04.26.33:367][  0]LogMemory: Physical Memory: 5471.68 MB used, 8135.63 MB total
[2016.10.08-04.26.33:367][  0]LogMemory: Virtual Memory: 996.29 MB used, 134217728.00 MB total
[2016.10.08-04.26.33:376][  0]LogMemory: 
[2016.10.08-04.26.33:376][  0]Allocator Stats for TBB: (not implemented)
[2016.10.08-04.26.34:061][  0]LogAssetRegistry: FAssetRegistry took 0.0002 seconds to start up
[2016.10.08-04.26.35:791][  0]LogAIModule: Creating AISystem for world TheLevel
[2016.10.08-04.26.35:792][  0]LogWorld: Game class is 'MainGameMod_C'
[2016.10.08-04.26.35:799][  0]LogWorld: Bringing World /Temp/Autosaves/Game/Level/UEDPCTheLevel.TheLevel up for play (max tick rate 0) at 2016.10.08-14.26.35
[2016.10.08-04.26.35:800][  0]LogWorld: Bringing up level for play took: 0.007134
[2016.10.08-04.26.35:802][  0]LogInit:Display: Game Engine Initialized.
[2016.10.08-04.26.36:023][  0]LogLoad: Full Startup: 8.37 seconds (BP compile: 0.57 seconds)
[2016.10.08-04.26.36:049][  0]LogWindowsTextInputMethodSystem:Display: IME system now deactivated.
[2016.10.08-04.26.36:051][  0]LogOcInput: Can't find Oculus library dev build: is proper Runtime installed? Version: 0.8.0.0
[2016.10.08-04.26.36:212][  2]LogRenderer: Reallocating scene render targets to support 1280x720 (Frame:2).
[2016.10.08-04.26.43:333][257]PIE:Warning: Warning Trying to simulate physics on ''/Temp/Autosaves/Game/Level/UEDPCTheLevel.TheLevel:PersistentLevel.CompCube_C_0.Basement'' but no physics body.
[2016.10.08-04.26.43:352][257]PIE:Warning: Warning Trying to simulate physics on ''/Temp/Autosaves/Game/Level/UEDPCTheLevel.TheLevel:PersistentLevel.CompCube_C_1.Basement'' but no physics body.
[2016.10.08-04.26.43:372][257]PIE:Warning: Warning Trying to simulate physics on ''/Temp/Autosaves/Game/Level/UEDPCTheLevel.TheLevel:PersistentLevel.CompCube_C_2.Basement'' but no physics body.
[2016.10.08-04.26.43:392][257]PIE:Warning: Warning Trying to simulate physics on ''/Temp/Autosaves/Game/Level/UEDPCTheLevel.TheLevel:PersistentLevel.CompCube_C_3.Basement'' but no physics body.
[2016.10.08-04.26.43:407][257]PIE:Warning: Warning Trying to simulate physics on ''/Temp/Autosaves/Game/Level/UEDPCTheLevel.TheLevel:PersistentLevel.CompPyramideInverted_C_0.Basement'' but no physics body.
[2016.10.08-04.26.43:423][257]PIE:Warning: Warning Trying to simulate physics on ''/Temp/Autosaves/Game/Level/UEDPCTheLevel.TheLevel:PersistentLevel.CompPyramide_C_0.Basement'' but no physics body.
[2016.10.08-04.26.43:437][257]PIE:Warning: Warning Trying to simulate physics on ''/Temp/Autosaves/Game/Level/UEDPCTheLevel.TheLevel:PersistentLevel.CompTrapeze_C_0.Basement'' but no physics body.
[2016.10.08-04.26.43:440][257]PIE:Warning: Warning Trying to simulate physics on ''/Temp/Autosaves/Game/Level/UEDPCTheLevel.TheLevel:PersistentLevel.CompTrapeze_C_1.Basement'' but no physics body.
[2016.10.08-04.26.43:445][257]PIE:Warning: Warning Trying to simulate physics on ''/Temp/Autosaves/Game/Level/UEDPCTheLevel.TheLevel:PersistentLevel.CompTrapeze_C_2.Basement'' but no physics body.
[2016.10.08-04.26.43:450][257]PIE:Warning: Warning Trying to simulate physics on ''/Temp/Autosaves/Game/Level/UEDPCTheLevel.TheLevel:PersistentLevel.CompTrapeze_C_3.Basement'' but no physics body.
[2016.10.08-04.26.43:455][257]PIE:Warning: Warning Trying to simulate physics on ''/Temp/Autosaves/Game/Level/UEDPCTheLevel.TheLevel:PersistentLevel.CompCube_C_4.Basement'' but no physics body.
[2016.10.08-04.26.43:471][257]PIE:Warning: Warning Trying to simulate physics on ''/Temp/Autosaves/Game/Level/UEDPCTheLevel.TheLevel:PersistentLevel.CompCube_C_5.Basement'' but no physics body.
[2016.10.08-04.26.43:492][257]PIE:Warning: Warning Trying to simulate physics on ''/Temp/Autosaves/Game/Level/UEDPCTheLevel.TheLevel:PersistentLevel.CompCube_C_6.Basement'' but no physics body.
[2016.10.08-04.26.43:509][257]PIE:Warning: Warning Trying to simulate physics on ''/Temp/Autosaves/Game/Level/UEDPCTheLevel.TheLevel:PersistentLevel.CompCube_C_7.Basement'' but no physics body.
[2016.10.08-04.26.43:524][257]PIE:Warning: Warning Trying to simulate physics on ''/Temp/Autosaves/Game/Level/UEDPCTheLevel.TheLevel:PersistentLevel.CompPyramideInverted_C_1.Basement'' but no physics body.
[2016.10.08-04.26.43:540][257]PIE:Warning: Warning Trying to simulate physics on ''/Temp/Autosaves/Game/Level/UEDPCTheLevel.TheLevel:PersistentLevel.CompPyramide_C_1.Basement'' but no physics body.
[2016.10.08-04.26.43:543][257]PIE:Warning: Warning Trying to simulate physics on ''/Temp/Autosaves/Game/Level/UEDPCTheLevel.TheLevel:PersistentLevel.CompTrapeze_C_4.Basement'' but no physics body.
[2016.10.08-04.26.43:547][257]PIE:Warning: Warning Trying to simulate physics on ''/Temp/Autosaves/Game/Level/UEDPCTheLevel.TheLevel:PersistentLevel.CompTrapeze_C_5.Basement'' but no physics body.
[2016.10.08-04.26.43:552][257]PIE:Warning: Warning Trying to simulate physics on ''/Temp/Autosaves/Game/Level/UEDPCTheLevel.TheLevel:PersistentLevel.CompTrapeze_C_6.Basement'' but no physics body.
[2016.10.08-04.26.43:557][257]PIE:Warning: Warning Trying to simulate physics on ''/Temp/Autosaves/Game/Level/UEDPCTheLevel.TheLevel:PersistentLevel.CompTrapeze_C_7.Basement'' but no physics body.
[2016.10.08-04.26.50:821][564]PIE:Warning: Warning Trying to simulate physics on ''/Temp/Autosaves/Game/Level/UEDPCTheLevel.TheLevel:PersistentLevel.CompTrapeze_C_3.Basement'' but no physics body.
[2016.10.08-04.26.51:088][576]PIE:Warning: Warning Trying to simulate physics on ''/Temp/Autosaves/Game/Level/UEDPCTheLevel.TheLevel:PersistentLevel.CompTrapeze_C_3.Basement'' but no physics body.
[2016.10.08-04.26.52:113][620]PIE:Warning: Warning Trying to simulate physics on ''/Temp/Autosaves/Game/Level/UEDPCTheLevel.TheLevel:PersistentLevel.CompTrapeze_C_3.Basement'' but no physics body.
[2016.10.08-04.26.52:164][622]PIE:Warning: Warning Trying to simulate physics on ''/Temp/Autosaves/Game/Level/UEDPCTheLevel.TheLevel:PersistentLevel.CompCube_C_3.Basement'' but no physics body.
[2016.10.08-04.26.52:236][625]PIE:Warning: Warning Trying to simulate physics on ''/Temp/Autosaves/Game/Level/UEDPCTheLevel.TheLevel:PersistentLevel.CompCube_C_2.Basement'' but no physics body.
[2016.10.08-04.26.53:175][669]PIE:Warning: Warning Trying to simulate physics on ''/Temp/Autosaves/Game/Level/UEDPCTheLevel.TheLevel:PersistentLevel.CompCube_C_1.Basement'' but no physics body.
[2016.10.08-04.26.53:738][693]PIE:Warning: Warning Trying to simulate physics on ''/Temp/Autosaves/Game/Level/UEDPCTheLevel.TheLevel:PersistentLevel.CompCube_C_2.Basement'' but no physics body.
[2016.10.08-04.26.54:019][705]PIE:Warning: Warning Trying to simulate physics on ''/Temp/Autosaves/Game/Level/UEDPCTheLevel.TheLevel:PersistentLevel.CompCube_C_1.Basement'' but no physics body.
[2016.10.08-04.26.54:519][726]PIE:Warning: Warning Trying to simulate physics on ''/Temp/Autosaves/Game/Level/UEDPCTheLevel.TheLevel:PersistentLevel.CompCube_C_0.Basement'' but no physics body.
[2016.10.08-04.26.55:333][760]PIE:Warning: Warning Trying to simulate physics on ''/Temp/Autosaves/Game/Level/UEDPCTheLevel.TheLevel:PersistentLevel.CompCube_C_0.Basement'' but no physics body.
[2016.10.08-04.26.55:383][762]PIE:Warning: Warning Trying to simulate physics on ''/Temp/Autosaves/Game/Level/UEDPCTheLevel.TheLevel:PersistentLevel.CompPyramideInverted_C_0.Basement'' but no physics body.
[2016.10.08-04.26.56:130][793]PIE:Warning: Warning Trying to simulate physics on ''/Temp/Autosaves/Game/Level/UEDPCTheLevel.TheLevel:PersistentLevel.CompPyramideInverted_C_0.Basement'' but no physics body.
[2016.10.08-04.26.56:158][794]PIE:Warning: Warning Trying to simulate physics on ''/Temp/Autosaves/Game/Level/UEDPCTheLevel.TheLevel:PersistentLevel.CompPyramideInverted_C_0.Basement'' but no physics body.
[2016.10.08-04.27.04:332][153]LogBlueprintUserMessages: [BuildMaster] 0
[2016.10.08-04.27.05:258][195]LogBlueprintUserMessages: [BuildMaster] 1
[2016.10.08-04.27.05:456][204]PIE:Warning: Warning Trying to simulate physics on ''/Temp/Autosaves/Game/Level/UEDPCTheLevel.TheLevel:PersistentLevel.CompTrapeze_C_9.Basement'' but no physics body.
[2016.10.08-04.27.06:140][234]PIE:Warning: Warning Trying to simulate physics on ''/Temp/Autosaves/Game/Level/UEDPCTheLevel.TheLevel:PersistentLevel.CompTrapeze_C_8.Basement'' but no physics body.
[2016.10.08-04.27.10:677][438]LogBlueprintUserMessages: [BuildMaster] 2
[2016.10.08-04.27.10:680][438]PIE:Warning: Warning Trying to simulate physics on ''/Temp/Autosaves/Game/Level/UEDPCTheLevel.TheLevel:PersistentLevel.CompTrapeze_C_0.Basement'' but no physics body.
[2016.10.08-04.27.12:446][515]PIE:Warning: Warning Trying to simulate physics on ''/Temp/Autosaves/Game/Level/UEDPCTheLevel.TheLevel:PersistentLevel.CompTrapeze_C_0.Basement'' but no physics body.
[2016.10.08-04.27.12:472][516]PIE:Warning: Warning Trying to simulate physics on ''/Temp/Autosaves/Game/Level/UEDPCTheLevel.TheLevel:PersistentLevel.CompTrapeze_C_0.Basement'' but no physics body.
[2016.10.08-04.27.14:982][622]LogBlueprintUserMessages: [BuildMaster] 1
[2016.10.08-04.27.15:222][632]PIE:Warning: Warning Trying to simulate physics on ''/Temp/Autosaves/Game/Level/UEDPCTheLevel.TheLevel:PersistentLevel.CompPyramideInverted_C_2.Basement'' but no physics body.
[2016.10.08-04.27.25:506][ 60]LogBlueprintUserMessages: [BuildMaster] 0
[2016.10.08-04.27.26:526][102]LogBlueprintUserMessages: [BuildMaster] 2
[2016.10.08-04.27.26:528][102]PIE:Warning: Warning Trying to simulate physics on ''/Temp/Autosaves/Game/Level/UEDPCTheLevel.TheLevel:PersistentLevel.CompTrapeze_C_0.Basement'' but no physics body.
[2016.10.08-04.27.26:555][103]PIE:Warning: Warning Trying to simulate physics on ''/Temp/Autosaves/Game/Level/UEDPCTheLevel.TheLevel:PersistentLevel.CompTrapeze_C_0.Basement'' but no physics body.
[2016.10.08-04.27.27:412][139]PIE:Warning: Warning Trying to simulate physics on ''/Temp/Autosaves/Game/Level/UEDPCTheLevel.TheLevel:PersistentLevel.CompTrapeze_C_0.Basement'' but no physics body.
[2016.10.08-04.27.27:437][140]PIE:Warning: Warning Trying to simulate physics on ''/Temp/Autosaves/Game/Level/UEDPCTheLevel.TheLevel:PersistentLevel.CompTrapeze_C_0.Basement'' but no physics body.
[2016.10.08-04.27.28:079][167]PIE:Warning: Warning Trying to simulate physics on ''/Temp/Autosaves/Game/Level/UEDPCTheLevel.TheLevel:PersistentLevel.CompTrapeze_C_0.Basement'' but no physics body.
[2016.10.08-04.27.28:105][168]PIE:Warning: Warning Trying to simulate physics on ''/Temp/Autosaves/Game/Level/UEDPCTheLevel.TheLevel:PersistentLevel.CompTrapeze_C_0.Basement'' but no physics body.
[2016.10.08-04.27.28:728][194]PIE:Warning: Warning Trying to simulate physics on ''/Temp/Autosaves/Game/Level/UEDPCTheLevel.TheLevel:PersistentLevel.CompTrapeze_C_0.Basement'' but no physics body.
[2016.10.08-04.27.28:752][195]PIE:Warning: Warning Trying to simulate physics on ''/Temp/Autosaves/Game/Level/UEDPCTheLevel.TheLevel:PersistentLevel.CompTrapeze_C_0.Basement'' but no physics body.
[2016.10.08-04.27.30:387][263]PIE:Warning: Warning Trying to simulate physics on ''/Temp/Autosaves/Game/Level/UEDPCTheLevel.TheLevel:PersistentLevel.CompTrapeze_C_1.Basement'' but no physics body.
[2016.10.08-04.27.31:282][300]PIE:Warning: Warning Trying to simulate physics on ''/Temp/Autosaves/Game/Level/UEDPCTheLevel.TheLevel:PersistentLevel.CompTrapeze_C_2.Basement'' but no physics body.
[2016.10.08-04.27.32:065][333]PIE:Warning: Warning Trying to simulate physics on ''/Temp/Autosaves/Game/Level/UEDPCTheLevel.TheLevel:PersistentLevel.CompTrapeze_C_3.Basement'' but no physics body.
[2016.10.08-04.27.32:654][359]LogBlueprintUserMessages: [BuildMaster] 1
[2016.10.08-04.27.32:950][372]PIE:Warning: Warning Trying to simulate physics on ''/Temp/Autosaves/Game/Level/UEDPCTheLevel.TheLevel:PersistentLevel.CompTrapeze_C_17.Basement'' but no physics body.
[2016.10.08-04.27.33:298][387]PIE:Warning: Warning Trying to simulate physics on ''/Temp/Autosaves/Game/Level/UEDPCTheLevel.TheLevel:PersistentLevel.CompTrapeze_C_16.Basement'' but no physics body.
[2016.10.08-04.27.33:699][403]PIE:Warning: Warning Trying to simulate physics on ''/Temp/Autosaves/Game/Level/UEDPCTheLevel.TheLevel:PersistentLevel.CompTrapeze_C_15.Basement'' but no physics body.
[2016.10.08-04.27.34:260][426]PIE:Warning: Warning Trying to simulate physics on ''/Temp/Autosaves/Game/Level/UEDPCTheLevel.TheLevel:PersistentLevel.CompTrapeze_C_14.Basement'' but no physics body.
[2016.10.08-04.27.50:725][125]LogBlueprintUserMessages: [BuildMaster] 2
[2016.10.08-04.27.50:732][125]PIE:Warning: Warning Trying to simulate physics on ''/Temp/Autosaves/Game/Level/UEDPCTheLevel.TheLevel:PersistentLevel.CompCube_C_0.Basement'' but no physics body.
[2016.10.08-04.27.51:543][160]PIE:Warning: Warning Trying to simulate physics on ''/Temp/Autosaves/Game/Level/UEDPCTheLevel.TheLevel:PersistentLevel.CompCube_C_0.Basement'' but no physics body.
[2016.10.08-04.27.51:573][161]PIE:Warning: Warning Trying to simulate physics on ''/Temp/Autosaves/Game/Level/UEDPCTheLevel.TheLevel:PersistentLevel.CompCube_C_0.Basement'' but no physics body.
[2016.10.08-04.27.52:269][191]PIE:Warning: Warning Trying to simulate physics on ''/Temp/Autosaves/Game/Level/UEDPCTheLevel.TheLevel:PersistentLevel.CompCube_C_0.Basement'' but no physics body.
[2016.10.08-04.27.52:303][192]PIE:Warning: Warning Trying to simulate physics on ''/Temp/Autosaves/Game/Level/UEDPCTheLevel.TheLevel:PersistentLevel.CompCube_C_0.Basement'' but no physics body.
[2016.10.08-04.27.52:735][211]PIE:Warning: Warning Trying to simulate physics on ''/Temp/Autosaves/Game/Level/UEDPCTheLevel.TheLevel:PersistentLevel.CompCube_C_0.Basement'' but no physics body.
[2016.10.08-04.27.52:768][212]PIE:Warning: Warning Trying to simulate physics on ''/Temp/Autosaves/Game/Level/UEDPCTheLevel.TheLevel:PersistentLevel.CompCube_C_0.Basement'' but no physics body.
[2016.10.08-04.27.53:491][243]PIE:Warning: Warning Trying to simulate physics on ''/Temp/Autosaves/Game/Level/UEDPCTheLevel.TheLevel:PersistentLevel.CompCube_C_1.Basement'' but no physics body.
[2016.10.08-04.27.53:531][244]PIE:Warning: Warning Trying to simulate physics on ''/Temp/Autosaves/Game/Level/UEDPCTheLevel.TheLevel:PersistentLevel.CompCube_C_1.Basement'' but no physics body.
[2016.10.08-04.27.54:069][266]PIE:Warning: Warning Trying to simulate physics on ''/Temp/Autosaves/Game/Level/UEDPCTheLevel.TheLevel:PersistentLevel.CompCube_C_2.Basement'' but no physics body.
[2016.10.08-04.27.54:110][267]PIE:Warning: Warning Trying to simulate physics on ''/Temp/Autosaves/Game/Level/UEDPCTheLevel.TheLevel:PersistentLevel.CompCube_C_2.Basement'' but no physics body.
[2016.10.08-04.27.54:602][287]PIE:Warning: Warning Trying to simulate physics on ''/Temp/Autosaves/Game/Level/UEDPCTheLevel.TheLevel:PersistentLevel.CompCube_C_3.Basement'' but no physics body.
[2016.10.08-04.27.55:290][316]LogBlueprintUserMessages: [BuildMaster] 1
[2016.10.08-04.27.55:564][327]PIE:Warning: Warning Trying to simulate physics on ''/Temp/Autosaves/Game/Level/UEDPCTheLevel.TheLevel:PersistentLevel.CompCube_C_27.Basement'' but no physics body.
[2016.10.08-04.27.56:006][345]PIE:Warning: Warning Trying to simulate physics on ''/Temp/Autosaves/Game/Level/UEDPCTheLevel.TheLevel:PersistentLevel.CompCube_C_25.Basement'' but no physics body.
[2016.10.08-04.27.56:427][361]PIE:Warning: Warning Trying to simulate physics on ''/Temp/Autosaves/Game/Level/UEDPCTheLevel.TheLevel:PersistentLevel.CompCube_C_22.Basement'' but no physics body.
[2016.10.08-04.27.56:851][378]PIE:Warning: Warning Trying to simulate physics on ''/Temp/Autosaves/Game/Level/UEDPCTheLevel.TheLevel:PersistentLevel.CompCube_C_19.Basement'' but no physics body.
[2016.10.08-04.28.04:401][676]LogBlueprintUserMessages: [BuildMaster] 2
[2016.10.08-04.28.04:409][676]PIE:Warning: Warning Trying to simulate physics on ''/Temp/Autosaves/Game/Level/UEDPCTheLevel.TheLevel:PersistentLevel.CompCube_C_19.Basement'' but no physics body.
[2016.10.08-04.28.05:285][712]PIE:Warning: Warning Trying to simulate physics on ''/Temp/Autosaves/Game/Level/UEDPCTheLevel.TheLevel:PersistentLevel.CompCube_C_22.Basement'' but no physics body.
[2016.10.08-04.28.05:315][713]PIE:Warning: Warning Trying to simulate physics on ''/Temp/Autosaves/Game/Level/UEDPCTheLevel.TheLevel:PersistentLevel.CompCube_C_22.Basement'' but no physics body.
[2016.10.08-04.28.05:989][741]PIE:Warning: Warning Trying to simulate physics on ''/Temp/Autosaves/Game/Level/UEDPCTheLevel.TheLevel:PersistentLevel.CompCube_C_25.Basement'' but no physics body.
[2016.10.08-04.28.06:021][742]PIE:Warning: Warning Trying to simulate physics on ''/Temp/Autosaves/Game/Level/UEDPCTheLevel.TheLevel:PersistentLevel.CompCube_C_25.Basement'' but no physics body.
[2016.10.08-04.28.25:090][533]LogBlueprintUserMessages: [BuildMaster] 1
[2016.10.08-04.28.25:356][544]PIE:Warning: Warning Trying to simulate physics on ''/Temp/Autosaves/Game/Level/UEDPCTheLevel.TheLevel:PersistentLevel.CompPyramide_C_4.Basement'' but no physics body.
[2016.10.08-04.28.25:641][556]PIE:Warning: Warning Trying to simulate physics on ''/Temp/Autosaves/Game/Level/UEDPCTheLevel.TheLevel:PersistentLevel.CompPyramideInverted_C_6.Basement'' but no physics body.
[2016.10.08-04.28.25:942][568]PIE:Warning: Warning Trying to simulate physics on ''/Temp/Autosaves/Game/Level/UEDPCTheLevel.TheLevel:PersistentLevel.CompPyramide_C_5.Basement'' but no physics body.
[2016.10.08-04.28.27:468][628]PIE:Warning: Warning Trying to simulate physics on ''/Temp/Autosaves/Game/Level/UEDPCTheLevel.TheLevel:PersistentLevel.CompCube_C_29.Basement'' but no physics body.
[2016.10.08-04.28.27:982][648]PIE:Warning: Warning Trying to simulate physics on ''/Temp/Autosaves/Game/Level/UEDPCTheLevel.TheLevel:PersistentLevel.CompCube_C_32.Basement'' but no physics body.
[2016.10.08-04.28.28:469][667]PIE:Warning: Warning Trying to simulate physics on ''/Temp/Autosaves/Game/Level/UEDPCTheLevel.TheLevel:PersistentLevel.CompCube_C_35.Basement'' but no physics body.
[2016.10.08-04.28.36:327][978]LogBlueprintUserMessages: [BuildMaster] 2
[2016.10.08-04.28.36:332][978]PIE:Warning: Warning Trying to simulate physics on ''/Temp/Autosaves/Game/Level/UEDPCTheLevel.TheLevel:PersistentLevel.CompCube_C_32.Basement'' but no physics body.
[2016.10.08-04.28.37:579][ 28]PIE:Warning: Warning Trying to simulate physics on ''/Temp/Autosaves/Game/Level/UEDPCTheLevel.TheLevel:PersistentLevel.CompCube_C_32.Basement'' but no physics body.
[2016.10.08-04.28.37:604][ 29]PIE:Warning: Warning Trying to simulate physics on ''/Temp/Autosaves/Game/Level/UEDPCTheLevel.TheLevel:PersistentLevel.CompCube_C_32.Basement'' but no physics body.
[2016.10.08-04.28.50:979][569]PIE:Warning: Warning Trying to simulate physics on ''/Temp/Autosaves/Game/Level/UEDPCTheLevel.TheLevel:PersistentLevel.CompCube_C_32.Basement'' but no physics body.
[2016.10.08-04.28.51:005][570]PIE:Warning: Warning Trying to simulate physics on ''/Temp/Autosaves/Game/Level/UEDPCTheLevel.TheLevel:PersistentLevel.CompCube_C_32.Basement'' but no physics body.
[2016.10.08-04.28.51:893][606]PIE:Warning: Warning Trying to simulate physics on ''/Temp/Autosaves/Game/Level/UEDPCTheLevel.TheLevel:PersistentLevel.CompCube_C_32.Basement'' but no physics body.
[2016.10.08-04.28.51:922][607]PIE:Warning: Warning Trying to simulate physics on ''/Temp/Autosaves/Game/Level/UEDPCTheLevel.TheLevel:PersistentLevel.CompCube_C_32.Basement'' but no physics body.
[2016.10.08-04.28.53:308][663]PIE:Warning: Warning Trying to simulate physics on ''/Temp/Autosaves/Game/Level/UEDPCTheLevel.TheLevel:PersistentLevel.CompCube_C_35.Basement'' but no physics body.
[2016.10.08-04.28.53:343][664]PIE:Warning: Warning Trying to simulate physics on ''/Temp/Autosaves/Game/Level/UEDPCTheLevel.TheLevel:PersistentLevel.CompCube_C_35.Basement'' but no physics body.
[2016.10.08-04.28.53:919][687]PIE:Warning: Warning Trying to simulate physics on ''/Temp/Autosaves/Game/Level/UEDPCTheLevel.TheLevel:PersistentLevel.CompCube_C_35.Basement'' but no physics body.
[2016.10.08-04.28.53:947][688]PIE:Warning: Warning Trying to simulate physics on ''/Temp/Autosaves/Game/Level/UEDPCTheLevel.TheLevel:PersistentLevel.CompCube_C_35.Basement'' but no physics body.
[2016.10.08-04.28.57:072][812]PIE:Warning: Warning Trying to simulate physics on ''/Temp/Autosaves/Game/Level/UEDPCTheLevel.TheLevel:PersistentLevel.CompCube_C_35.Basement'' but no physics body.
[2016.10.08-04.28.58:522][870]LogBlueprintUserMessages: [BuildMaster] 1
[2016.10.08-04.28.58:919][886]PIE:Warning: Warning Trying to simulate physics on ''/Temp/Autosaves/Game/Level/UEDPCTheLevel.TheLevel:PersistentLevel.CompTrapeze_C_24.Basement'' but no physics body.
[2016.10.08-04.28.59:450][907]PIE:Warning: Warning Trying to simulate physics on ''/Temp/Autosaves/Game/Level/UEDPCTheLevel.TheLevel:PersistentLevel.CompTrapeze_C_21.Basement'' but no physics body.
[2016.10.08-04.29.00:029][929]PIE:Warning: Warning Trying to simulate physics on ''/Temp/Autosaves/Game/Level/UEDPCTheLevel.TheLevel:PersistentLevel.CompPyramideInverted_C_8.Basement'' but no physics body.
[2016.10.08-04.29.06:618][183]LogBlueprintUserMessages: [BuildMaster] 2
[2016.10.08-04.29.06:621][183]PIE:Warning: Warning Trying to simulate physics on ''/Temp/Autosaves/Game/Level/UEDPCTheLevel.TheLevel:PersistentLevel.CompCube_C_27.Basement'' but no physics body.
[2016.10.08-04.29.06:650][184]PIE:Warning: Warning Trying to simulate physics on ''/Temp/Autosaves/Game/Level/UEDPCTheLevel.TheLevel:PersistentLevel.CompCube_C_27.Basement'' but no physics body.
[2016.10.08-04.29.07:932][232]PIE:Warning: Warning Trying to simulate physics on ''/Temp/Autosaves/Game/Level/UEDPCTheLevel.TheLevel:PersistentLevel.CompCube_C_27.Basement'' but no physics body.
[2016.10.08-04.29.07:967][233]PIE:Warning: Warning Trying to simulate physics on ''/Temp/Autosaves/Game/Level/UEDPCTheLevel.TheLevel:PersistentLevel.CompCube_C_27.Basement'' but no physics body.
[2016.10.08-04.29.09:118][275]PIE:Warning: Warning Trying to simulate physics on ''/Temp/Autosaves/Game/Level/UEDPCTheLevel.TheLevel:PersistentLevel.CompCube_C_27.Basement'' but no physics body.
[2016.10.08-04.29.09:144][276]PIE:Warning: Warning Trying to simulate physics on ''/Temp/Autosaves/Game/Level/UEDPCTheLevel.TheLevel:PersistentLevel.CompCube_C_27.Basement'' but no physics body.
[2016.10.08-04.29.09:504][289]PIE:Warning: Warning Trying to simulate physics on ''/Temp/Autosaves/Game/Level/UEDPCTheLevel.TheLevel:PersistentLevel.CompCube_C_27.Basement'' but no physics body.
[2016.10.08-04.29.09:543][290]PIE:Warning: Warning Trying to simulate physics on ''/Temp/Autosaves/Game/Level/UEDPCTheLevel.TheLevel:PersistentLevel.CompCube_C_27.Basement'' but no physics body.
[2016.10.08-04.29.14:434][466]LogBlueprintUserMessages: [BuildMaster] 1
[2016.10.08-04.29.14:660][474]PIE:Warning: Warning Trying to simulate physics on ''/Temp/Autosaves/Game/Level/UEDPCTheLevel.TheLevel:PersistentLevel.CompCube_C_40.Basement'' but no physics body.
[2016.10.08-04.29.19:951][679]LogBlueprintUserMessages: [BuildMaster] 2
[2016.10.08-04.29.19:955][679]PIE:Warning: Warning Trying to simulate physics on ''/Temp/Autosaves/Game/Level/UEDPCTheLevel.TheLevel:PersistentLevel.CompCube_C_40.Basement'' but no physics body.
[2016.10.08-04.29.21:040][720]PIE:Warning: Warning Trying to simulate physics on ''/Temp/Autosaves/Game/Level/UEDPCTheLevel.TheLevel:PersistentLevel.CompCube_C_40.Basement'' but no physics body.
[2016.10.08-04.29.21:071][721]PIE:Warning: Warning Trying to simulate physics on ''/Temp/Autosaves/Game/Level/UEDPCTheLevel.TheLevel:PersistentLevel.CompCube_C_40.Basement'' but no physics body.
[2016.10.08-04.29.22:054][758]PIE:Warning: Warning Trying to simulate physics on ''/Temp/Autosaves/Game/Level/UEDPCTheLevel.TheLevel:PersistentLevel.CompCube_C_40.Basement'' but no physics body.
[2016.10.08-04.29.22:084][759]PIE:Warning: Warning Trying to simulate physics on ''/Temp/Autosaves/Game/Level/UEDPCTheLevel.TheLevel:PersistentLevel.CompCube_C_40.Basement'' but no physics body.
[2016.10.08-04.29.22:675][781]PIE:Warning: Warning Trying to simulate physics on ''/Temp/Autosaves/Game/Level/UEDPCTheLevel.TheLevel:PersistentLevel.CompCube_C_40.Basement'' but no physics body.
[2016.10.08-04.29.22:702][782]PIE:Warning: Warning Trying to simulate physics on ''/Temp/Autosaves/Game/Level/UEDPCTheLevel.TheLevel:PersistentLevel.CompCube_C_40.Basement'' but no physics body.
[2016.10.08-04.29.23:431][809]PIE:Warning: Warning Trying to simulate physics on ''/Temp/Autosaves/Game/Level/UEDPCTheLevel.TheLevel:PersistentLevel.CompCube_C_27.Basement'' but no physics body.
[2016.10.08-04.29.30:230][ 62]PIE:Warning: Warning Trying to simulate physics on ''/Temp/Autosaves/Game/Level/UEDPCTheLevel.TheLevel:PersistentLevel.CompCube_C_3.Basement'' but no physics body.
[2016.10.08-04.29.32:277][144]LogBlueprintUserMessages: [BuildMaster] 1
[2016.10.08-04.29.32:452][151]PIE:Warning: Warning Trying to simulate physics on ''/Temp/Autosaves/Game/Level/UEDPCTheLevel.TheLevel:PersistentLevel.CompPyramide_C_9.Basement'' but no physics body.
[2016.10.08-04.29.32:873][168]PIE:Warning: Warning Trying to simulate physics on ''/Temp/Autosaves/Game/Level/UEDPCTheLevel.TheLevel:PersistentLevel.CompPyramide_C_10.Basement'' but no physics body.
[2016.10.08-04.29.48:859][776]LogBlueprintUserMessages: [BuildMaster] 2
[2016.10.08-04.29.49:377][796]PIE:Warning: Warning Trying to simulate physics on ''/Temp/Autosaves/Game/Level/UEDPCTheLevel.TheLevel:PersistentLevel.CompTrapeze_C_4.Basement'' but no physics body.
[2016.10.08-04.29.50:575][840]PIE:Warning: Warning Trying to simulate physics on ''/Temp/Autosaves/Game/Level/UEDPCTheLevel.TheLevel:PersistentLevel.CompTrapeze_C_4.Basement'' but no physics body.
[2016.10.08-04.29.50:603][841]PIE:Warning: Warning Trying to simulate physics on ''/Temp/Autosaves/Game/Level/UEDPCTheLevel.TheLevel:PersistentLevel.CompTrapeze_C_4.Basement'' but no physics body.
[2016.10.08-04.29.51:446][872]PIE:Warning: Warning Trying to simulate physics on ''/Temp/Autosaves/Game/Level/UEDPCTheLevel.TheLevel:PersistentLevel.CompTrapeze_C_4.Basement'' but no physics body.
[2016.10.08-04.29.51:476][873]PIE:Warning: Warning Trying to simulate physics on ''/Temp/Autosaves/Game/Level/UEDPCTheLevel.TheLevel:PersistentLevel.CompTrapeze_C_4.Basement'' but no physics body.
[2016.10.08-04.29.55:403][ 17]PIE:Warning: Warning Trying to simulate physics on ''/Temp/Autosaves/Game/Level/UEDPCTheLevel.TheLevel:PersistentLevel.CompTrapeze_C_5.Basement'' but no physics body.
[2016.10.08-04.29.56:468][ 56]PIE:Warning: Warning Trying to simulate physics on ''/Temp/Autosaves/Game/Level/UEDPCTheLevel.TheLevel:PersistentLevel.CompTrapeze_C_6.Basement'' but no physics body.
[2016.10.08-04.29.57:528][ 98]PIE:Warning: Warning Trying to simulate physics on ''/Temp/Autosaves/Game/Level/UEDPCTheLevel.TheLevel:PersistentLevel.CompTrapeze_C_7.Basement'' but no physics body.
[2016.10.08-04.29.58:330][131]LogBlueprintUserMessages: [BuildMaster] 1
[2016.10.08-04.29.58:583][141]PIE:Warning: Warning Trying to simulate physics on ''/Temp/Autosaves/Game/Level/UEDPCTheLevel.TheLevel:PersistentLevel.CompTrapeze_C_31.Basement'' but no physics body.
[2016.10.08-04.29.58:943][155]PIE:Warning: Warning Trying to simulate physics on ''/Temp/Autosaves/Game/Level/UEDPCTheLevel.TheLevel:PersistentLevel.CompTrapeze_C_30.Basement'' but no physics body.
[2016.10.08-04.29.59:632][179]PIE:Warning: Warning Trying to simulate physics on ''/Temp/Autosaves/Game/Level/UEDPCTheLevel.TheLevel:PersistentLevel.CompTrapeze_C_29.Basement'' but no physics body.
[2016.10.08-04.30.00:366][205]PIE:Warning: Warning Trying to simulate physics on ''/Temp/Autosaves/Game/Level/UEDPCTheLevel.TheLevel:PersistentLevel.CompTrapeze_C_27.Basement'' but no physics body.
[2016.10.08-04.30.45:491][966]LogBlueprintUserMessages: [BuildMaster] 0
[2016.10.08-04.30.47:336][ 42]LogBlueprintUserMessages: [BuildMaster] 2
[2016.10.08-04.30.47:338][ 42]PIE:Warning: Warning Trying to simulate physics on ''/Temp/Autosaves/Game/Level/UEDPCTheLevel.TheLevel:PersistentLevel.CompCube_C_4.Basement'' but no physics body.
[2016.10.08-04.30.47:367][ 43]PIE:Warning: Warning Trying to simulate physics on ''/Temp/Autosaves/Game/Level/UEDPCTheLevel.TheLevel:PersistentLevel.CompCube_C_4.Basement'' but no physics body.
[2016.10.08-04.30.48:226][ 77]PIE:Warning: Warning Trying to simulate physics on ''/Temp/Autosaves/Game/Level/UEDPCTheLevel.TheLevel:PersistentLevel.CompCube_C_4.Basement'' but no physics body.
[2016.10.08-04.30.48:280][ 78]PIE:Warning: Warning Trying to simulate physics on ''/Temp/Autosaves/Game/Level/UEDPCTheLevel.TheLevel:PersistentLevel.CompCube_C_4.Basement'' but no physics body.
[2016.10.08-04.30.52:468][247]LogBlueprintUserMessages: [BuildMaster] 1
[2016.10.08-04.30.52:625][253]PIE:Warning: Warning Trying to simulate physics on ''/Temp/Autosaves/Game/Level/UEDPCTheLevel.TheLevel:PersistentLevel.CompPyramide_C_12.Basement'' but no physics body.
[2016.10.08-04.30.53:086][271]PIE:Warning: Warning Trying to simulate physics on ''/Temp/Autosaves/Game/Level/UEDPCTheLevel.TheLevel:PersistentLevel.CompPyramideInverted_C_14.Basement'' but no physics body.
[2016.10.08-04.31.02:510][620]LogBlueprintUserMessages: [BuildMaster] 0
[2016.10.08-04.31.03:808][672]LogBlueprintUserMessages: [BuildMaster] 2
[2016.10.08-04.31.03:810][672]PIE:Warning: Warning Trying to simulate physics on ''/Temp/Autosaves/Game/Level/UEDPCTheLevel.TheLevel:PersistentLevel.CompCube_C_4.Basement'' but no physics body.
[2016.10.08-04.31.03:836][673]PIE:Warning: Warning Trying to simulate physics on ''/Temp/Autosaves/Game/Level/UEDPCTheLevel.TheLevel:PersistentLevel.CompCube_C_4.Basement'' but no physics body.
[2016.10.08-04.31.04:913][716]PIE:Warning: Warning Trying to simulate physics on ''/Temp/Autosaves/Game/Level/UEDPCTheLevel.TheLevel:PersistentLevel.CompCube_C_4.Basement'' but no physics body.
[2016.10.08-04.31.04:977][717]PIE:Warning: Warning Trying to simulate physics on ''/Temp/Autosaves/Game/Level/UEDPCTheLevel.TheLevel:PersistentLevel.CompCube_C_4.Basement'' but no physics body.
[2016.10.08-04.31.13:283][ 42]LogBlueprintUserMessages: [BuildMaster] 1
[2016.10.08-04.31.13:442][ 48]PIE:Warning: Warning Trying to simulate physics on ''/Temp/Autosaves/Game/Level/UEDPCTheLevel.TheLevel:PersistentLevel.CompPyramideInverted_C_16.Basement'' but no physics body.
[2016.10.08-04.31.13:921][ 66]PIE:Warning: Warning Trying to simulate physics on ''/Temp/Autosaves/Game/Level/UEDPCTheLevel.TheLevel:PersistentLevel.CompPyramide_C_15.Basement'' but no physics body.
[2016.10.08-04.31.20:537][302]LogBlueprintUserMessages: [BuildMaster] 2
[2016.10.08-04.31.21:539][338]PIE:Warning: Warning Trying to simulate physics on ''/Temp/Autosaves/Game/Level/UEDPCTheLevel.TheLevel:PersistentLevel.CompPyramideInverted_C_16.Basement'' but no physics body.
[2016.10.08-04.31.22:863][386]PIE:Warning: Warning Trying to simulate physics on ''/Temp/Autosaves/Game/Level/UEDPCTheLevel.TheLevel:PersistentLevel.CompPyramideInverted_C_16.Basement'' but no physics body.
[2016.10.08-04.31.22:896][387]PIE:Warning: Warning Trying to simulate physics on ''/Temp/Autosaves/Game/Level/UEDPCTheLevel.TheLevel:PersistentLevel.CompPyramideInverted_C_16.Basement'' but no physics body.
[2016.10.08-04.31.23:058][393]PIE:Warning: Warning Trying to simulate physics on ''/Temp/Autosaves/Game/Level/UEDPCTheLevel.TheLevel:PersistentLevel.CompPyramideInverted_C_16.Basement'' but no physics body.
[2016.10.08-04.31.23:090][394]PIE:Warning: Warning Trying to simulate physics on ''/Temp/Autosaves/Game/Level/UEDPCTheLevel.TheLevel:PersistentLevel.CompPyramideInverted_C_16.Basement'' but no physics body.
[2016.10.08-04.31.24:933][463]LogBlueprintUserMessages: [BuildMaster] 1
[2016.10.08-04.31.25:162][472]PIE:Warning: Warning Trying to simulate physics on ''/Temp/Autosaves/Game/Level/UEDPCTheLevel.TheLevel:PersistentLevel.CompTrapeze_C_34.Basement'' but no physics body.
[2016.10.08-04.31.25:595][488]PIE:Warning: Warning Trying to simulate physics on ''/Temp/Autosaves/Game/Level/UEDPCTheLevel.TheLevel:PersistentLevel.CompTrapeze_C_33.Basement'' but no physics body.
[2016.10.08-04.31.26:914][535]LogBlueprintUserMessages: [BuildMaster] 2
[2016.10.08-04.31.27:063][540]PIE:Warning: Warning Trying to simulate physics on ''/Temp/Autosaves/Game/Level/UEDPCTheLevel.TheLevel:PersistentLevel.CompCube_C_4.Basement'' but no physics body.
[2016.10.08-04.31.27:417][553]PIE:Warning: Warning Trying to simulate physics on ''/Temp/Autosaves/Game/Level/UEDPCTheLevel.TheLevel:PersistentLevel.CompCube_C_4.Basement'' but no physics body.
[2016.10.08-04.31.27:453][554]PIE:Warning: Warning Trying to simulate physics on ''/Temp/Autosaves/Game/Level/UEDPCTheLevel.TheLevel:PersistentLevel.CompCube_C_4.Basement'' but no physics body.
[2016.10.08-04.31.28:087][577]PIE:Warning: Warning Trying to simulate physics on ''/Temp/Autosaves/Game/Level/UEDPCTheLevel.TheLevel:PersistentLevel.CompCube_C_4.Basement'' but no physics body.
[2016.10.08-04.31.28:126][578]PIE:Warning: Warning Trying to simulate physics on ''/Temp/Autosaves/Game/Level/UEDPCTheLevel.TheLevel:PersistentLevel.CompCube_C_4.Basement'' but no physics body.
[2016.10.08-04.31.29:510][629]PIE:Warning: Warning Trying to simulate physics on ''/Temp/Autosaves/Game/Level/UEDPCTheLevel.TheLevel:PersistentLevel.CompCube_C_5.Basement'' but no physics body.
[2016.10.08-04.31.29:879][643]PIE:Warning: Warning Trying to simulate physics on ''/Temp/Autosaves/Game/Level/UEDPCTheLevel.TheLevel:PersistentLevel.CompCube_C_5.Basement'' but no physics body.
[2016.10.08-04.31.29:920][644]PIE:Warning: Warning Trying to simulate physics on ''/Temp/Autosaves/Game/Level/UEDPCTheLevel.TheLevel:PersistentLevel.CompCube_C_5.Basement'' but no physics body.
[2016.10.08-04.31.33:596][779]PIE:Warning: Warning Trying to simulate physics on ''/Temp/Autosaves/Game/Level/UEDPCTheLevel.TheLevel:PersistentLevel.CompCube_C_6.Basement'' but no physics body.
[2016.10.08-04.31.33:638][780]PIE:Warning: Warning Trying to simulate physics on ''/Temp/Autosaves/Game/Level/UEDPCTheLevel.TheLevel:PersistentLevel.CompCube_C_6.Basement'' but no physics body.
[2016.10.08-04.31.35:592][854]PIE:Warning: Warning Trying to simulate physics on ''/Temp/Autosaves/Game/Level/UEDPCTheLevel.TheLevel:PersistentLevel.CompCube_C_7.Basement'' but no physics body.
[2016.10.08-04.31.35:627][855]PIE:Warning: Warning Trying to simulate physics on ''/Temp/Autosaves/Game/Level/UEDPCTheLevel.TheLevel:PersistentLevel.CompCube_C_7.Basement'' but no physics body.
[2016.10.08-04.31.39:786][ 13]LogBlueprintUserMessages: [BuildMaster] 1
[2016.10.08-04.31.40:841][ 51]PIE:Warning: Warning Trying to simulate physics on ''/Temp/Autosaves/Game/Level/UEDPCTheLevel.TheLevel:PersistentLevel.CompCube_C_47.Basement'' but no physics body.
[2016.10.08-04.31.41:143][ 62]PIE:Warning: Warning Trying to simulate physics on ''/Temp/Autosaves/Game/Level/UEDPCTheLevel.TheLevel:PersistentLevel.CompCube_C_56.Basement'' but no physics body.
[2016.10.08-04.31.41:667][ 80]PIE:Warning: Warning Trying to simulate physics on ''/Temp/Autosaves/Game/Level/UEDPCTheLevel.TheLevel:PersistentLevel.CompCube_C_48.Basement'' but no physics body.
[2016.10.08-04.31.41:970][ 91]PIE:Warning: Warning Trying to simulate physics on ''/Temp/Autosaves/Game/Level/UEDPCTheLevel.TheLevel:PersistentLevel.CompCube_C_59.Basement'' but no physics body.
[2016.10.08-04.31.42:496][109]PIE:Warning: Warning Trying to simulate physics on ''/Temp/Autosaves/Game/Level/UEDPCTheLevel.TheLevel:PersistentLevel.CompCube_C_63.Basement'' but no physics body.
[2016.10.08-04.31.42:782][119]PIE:Warning: Warning Trying to simulate physics on ''/Temp/Autosaves/Game/Level/UEDPCTheLevel.TheLevel:PersistentLevel.CompCube_C_68.Basement'' but no physics body.
[2016.10.08-04.31.43:174][133]PIE:Warning: Warning Trying to simulate physics on ''/Temp/Autosaves/Game/Level/UEDPCTheLevel.TheLevel:PersistentLevel.CompCube_C_66.Basement'' but no physics body.
[2016.10.08-04.32.10:848][123]LogBlueprintUserMessages: [BuildMaster] 2
[2016.10.08-04.32.11:854][157]PIE:Warning: Warning Trying to simulate physics on ''/Temp/Autosaves/Game/Level/UEDPCTheLevel.TheLevel:PersistentLevel.CompCube_C_68.Basement'' but no physics body.
[2016.10.08-04.32.12:183][168]PIE:Warning: Warning Trying to simulate physics on ''/Temp/Autosaves/Game/Level/UEDPCTheLevel.TheLevel:PersistentLevel.CompCube_C_68.Basement'' but no physics body.
[2016.10.08-04.32.12:220][169]PIE:Warning: Warning Trying to simulate physics on ''/Temp/Autosaves/Game/Level/UEDPCTheLevel.TheLevel:PersistentLevel.CompCube_C_68.Basement'' but no physics body.
[2016.10.08-04.32.12:506][178]PIE:Warning: Warning Trying to simulate physics on ''/Temp/Autosaves/Game/Level/UEDPCTheLevel.TheLevel:PersistentLevel.CompCube_C_68.Basement'' but no physics body.
[2016.10.08-04.32.13:278][204]PIE:Warning: Warning Trying to simulate physics on ''/Temp/Autosaves/Game/Level/UEDPCTheLevel.TheLevel:PersistentLevel.CompCube_C_68.Basement'' but no physics body.
[2016.10.08-04.32.13:316][205]PIE:Warning: Warning Trying to simulate physics on ''/Temp/Autosaves/Game/Level/UEDPCTheLevel.TheLevel:PersistentLevel.CompCube_C_68.Basement'' but no physics body.
[2016.10.08-04.32.15:781][287]PIE:Warning: Warning Trying to simulate physics on ''/Temp/Autosaves/Game/Level/UEDPCTheLevel.TheLevel:PersistentLevel.CompCube_C_66.Basement'' but no physics body.
[2016.10.08-04.32.17:220][337]PIE:Warning: Warning Trying to simulate physics on ''/Temp/Autosaves/Game/Level/UEDPCTheLevel.TheLevel:PersistentLevel.CompCube_C_68.Basement'' but no physics body.
[2016.10.08-04.32.17:258][338]PIE:Warning: Warning Trying to simulate physics on ''/Temp/Autosaves/Game/Level/UEDPCTheLevel.TheLevel:PersistentLevel.CompCube_C_68.Basement'' but no physics body.
[2016.10.08-04.32.25:711][637]PIE:Warning: Warning Trying to simulate physics on ''/Temp/Autosaves/Game/Level/UEDPCTheLevel.TheLevel:PersistentLevel.CompCube_C_68.Basement'' but no physics body.
[2016.10.08-04.32.27:753][712]LogBlueprintUserMessages: [BuildMaster] 1
[2016.10.08-04.32.28:057][724]PIE:Warning: Warning Trying to simulate physics on ''/Temp/Autosaves/Game/Level/UEDPCTheLevel.TheLevel:PersistentLevel.CompTrapeze_C_39.Basement'' but no physics body.
[2016.10.08-04.32.28:491][741]PIE:Warning: Warning Trying to simulate physics on ''/Temp/Autosaves/Game/Level/UEDPCTheLevel.TheLevel:PersistentLevel.CompTrapeze_C_37.Basement'' but no physics body.
[2016.10.08-04.32.29:065][762]PIE:Warning: Warning Trying to simulate physics on ''/Temp/Autosaves/Game/Level/UEDPCTheLevel.TheLevel:PersistentLevel.CompCube_C_76.Basement'' but no physics body.
[2016.10.08-04.32.30:075][797]LogBlueprintUserMessages: [BuildMaster] 2
[2016.10.08-04.32.30:513][812]PIE:Warning: Warning Trying to simulate physics on ''/Temp/Autosaves/Game/Level/UEDPCTheLevel.TheLevel:PersistentLevel.CompCube_C_59.Basement'' but no physics body.
[2016.10.08-04.32.30:641][816]PIE:Warning: Warning Trying to simulate physics on ''/Temp/Autosaves/Game/Level/UEDPCTheLevel.TheLevel:PersistentLevel.CompCube_C_68.Basement'' but no physics body.
[2016.10.08-04.32.31:326][839]PIE:Warning: Warning Trying to simulate physics on ''/Temp/Autosaves/Game/Level/UEDPCTheLevel.TheLevel:PersistentLevel.CompTrapeze_C_39.Basement'' but no physics body.
[2016.10.08-04.32.32:860][893]PIE:Warning: Warning Trying to simulate physics on ''/Temp/Autosaves/Game/Level/UEDPCTheLevel.TheLevel:PersistentLevel.CompCube_C_59.Basement'' but no physics body.
[2016.10.08-04.32.35:354][981]PIE:Warning: Warning Trying to simulate physics on ''/Temp/Autosaves/Game/Level/UEDPCTheLevel.TheLevel:PersistentLevel.CompTrapeze_C_39.Basement'' but no physics body.
[2016.10.08-04.32.35:386][982]PIE:Warning: Warning Trying to simulate physics on ''/Temp/Autosaves/Game/Level/UEDPCTheLevel.TheLevel:PersistentLevel.CompTrapeze_C_39.Basement'' but no physics body.
[2016.10.08-04.32.36:371][ 18]PIE:Warning: Warning Trying to simulate physics on ''/Temp/Autosaves/Game/Level/UEDPCTheLevel.TheLevel:PersistentLevel.CompTrapeze_C_39.Basement'' but no physics body.
[2016.10.08-04.32.36:402][ 19]PIE:Warning: Warning Trying to simulate physics on ''/Temp/Autosaves/Game/Level/UEDPCTheLevel.TheLevel:PersistentLevel.CompTrapeze_C_39.Basement'' but no physics body.
[2016.10.08-04.32.36:638][ 28]PIE:Warning: Warning Trying to simulate physics on ''/Temp/Autosaves/Game/Level/UEDPCTheLevel.TheLevel:PersistentLevel.CompTrapeze_C_39.Basement'' but no physics body.
[2016.10.08-04.32.36:666][ 29]PIE:Warning: Warning Trying to simulate physics on ''/Temp/Autosaves/Game/Level/UEDPCTheLevel.TheLevel:PersistentLevel.CompTrapeze_C_39.Basement'' but no physics body.
[2016.10.08-04.32.46:076][373]LogBlueprintUserMessages: [BuildMaster] 0
[2016.10.08-04.32.46:778][399]LogBlueprintUserMessages: [BuildMaster] 2
[2016.10.08-04.32.47:076][410]PIE:Warning: Warning Trying to simulate physics on ''/Temp/Autosaves/Game/Level/UEDPCTheLevel.TheLevel:PersistentLevel.CompTrapeze_C_39.Basement'' but no physics body.
[2016.10.08-04.32.47:107][411]PIE:Warning: Warning Trying to simulate physics on ''/Temp/Autosaves/Game/Level/UEDPCTheLevel.TheLevel:PersistentLevel.CompTrapeze_C_39.Basement'' but no physics body.
[2016.10.08-04.32.48:185][450]PIE:Warning: Warning Trying to simulate physics on ''/Temp/Autosaves/Game/Level/UEDPCTheLevel.TheLevel:PersistentLevel.CompTrapeze_C_39.Basement'' but no physics body.
[2016.10.08-04.32.48:217][451]PIE:Warning: Warning Trying to simulate physics on ''/Temp/Autosaves/Game/Level/UEDPCTheLevel.TheLevel:PersistentLevel.CompTrapeze_C_39.Basement'' but no physics body.
[2016.10.08-04.32.50:019][518]PIE:Warning: Warning Trying to simulate physics on ''/Temp/Autosaves/Game/Level/UEDPCTheLevel.TheLevel:PersistentLevel.CompTrapeze_C_39.Basement'' but no physics body.
[2016.10.08-04.32.50:056][519]PIE:Warning: Warning Trying to simulate physics on ''/Temp/Autosaves/Game/Level/UEDPCTheLevel.TheLevel:PersistentLevel.CompTrapeze_C_39.Basement'' but no physics body.
[2016.10.08-04.32.57:876][801]PIE:Warning: Warning Trying to simulate physics on ''/Temp/Autosaves/Game/Level/UEDPCTheLevel.TheLevel:PersistentLevel.CompPyramideInverted_C_16.Basement'' but no physics body.
[2016.10.08-04.32.57:907][802]PIE:Warning: Warning Trying to simulate physics on ''/Temp/Autosaves/Game/Level/UEDPCTheLevel.TheLevel:PersistentLevel.CompPyramideInverted_C_16.Basement'' but no physics body.
[2016.10.08-04.32.57:937][803]PIE:Warning: Warning Trying to simulate physics on ''/Temp/Autosaves/Game/Level/UEDPCTheLevel.TheLevel:PersistentLevel.CompPyramideInverted_C_16.Basement'' but no physics body.
[2016.10.08-04.32.57:969][804]PIE:Warning: Warning Trying to simulate physics on ''/Temp/Autosaves/Game/Level/UEDPCTheLevel.TheLevel:PersistentLevel.CompPyramideInverted_C_16.Basement'' but no physics body.
[2016.10.08-04.33.07:361][136]PIE:Warning: Warning Trying to simulate physics on ''/Temp/Autosaves/Game/Level/UEDPCTheLevel.TheLevel:PersistentLevel.CompCube_C_48.Basement'' but no physics body.
[2016.10.08-04.33.09:184][199]PIE:Warning: Warning Trying to simulate physics on ''/Temp/Autosaves/Game/Level/UEDPCTheLevel.TheLevel:PersistentLevel.CompTrapeze_C_39.Basement'' but no physics body.
[2016.10.08-04.33.09:225][200]PIE:Warning: Warning Trying to simulate physics on ''/Temp/Autosaves/Game/Level/UEDPCTheLevel.TheLevel:PersistentLevel.CompTrapeze_C_39.Basement'' but no physics body.
[2016.10.08-04.33.22:011][655]LogBlueprintUserMessages: [BuildMaster] 1
[2016.10.08-04.33.22:191][661]PIE:Warning: Warning Trying to simulate physics on ''/Temp/Autosaves/Game/Level/UEDPCTheLevel.TheLevel:PersistentLevel.CompPyramide_C_22.Basement'' but no physics body.
[2016.10.08-04.33.22:581][674]PIE:Warning: Warning Trying to simulate physics on ''/Temp/Autosaves/Game/Level/UEDPCTheLevel.TheLevel:PersistentLevel.CompPyramide_C_21.Basement'' but no physics body.
[2016.10.08-04.33.22:956][687]PIE:Warning: Warning Trying to simulate physics on ''/Temp/Autosaves/Game/Level/UEDPCTheLevel.TheLevel:PersistentLevel.CompPyramideInverted_C_24.Basement'' but no physics body.
[2016.10.08-04.33.23:917][719]PIE:Warning: Warning Trying to simulate physics on ''/Temp/Autosaves/Game/Level/UEDPCTheLevel.TheLevel:PersistentLevel.CompPyramide_C_19.Basement'' but no physics body.
[2016.10.08-04.33.24:407][735]PIE:Warning: Warning Trying to simulate physics on ''/Temp/Autosaves/Game/Level/UEDPCTheLevel.TheLevel:PersistentLevel.CompPyramideInverted_C_22.Basement'' but no physics body.
[2016.10.08-04.33.27:897][849]LogBlueprintUserMessages: [BuildMaster] 2
[2016.10.08-04.33.27:901][849]PIE:Warning: Warning Trying to simulate physics on ''/Temp/Autosaves/Game/Level/UEDPCTheLevel.TheLevel:PersistentLevel.CompCube_C_66.Basement'' but no physics body.
[2016.10.08-04.33.33:621][ 50]PIE:Warning: Warning Trying to simulate physics on ''/Temp/Autosaves/Game/Level/UEDPCTheLevel.TheLevel:PersistentLevel.CompCube_C_7.Basement'' but no physics body.
[2016.10.08-04.33.35:549][125]LogBlueprintUserMessages: [BuildMaster] 1
[2016.10.08-04.33.35:758][133]PIE:Warning: Warning Trying to simulate physics on ''/Temp/Autosaves/Game/Level/UEDPCTheLevel.TheLevel:PersistentLevel.CompPyramide_C_23.Basement'' but no physics body.
[2016.10.08-04.33.36:158][148]PIE:Warning: Warning Trying to simulate physics on ''/Temp/Autosaves/Game/Level/UEDPCTheLevel.TheLevel:PersistentLevel.CompPyramide_C_24.Basement'' but no physics body.
[2016.10.08-04.33.39:298][256]LogBlueprintUserMessages: [BuildMaster] Success
[2016.10.08-04.33.49:801][613]LogBlueprintUserMessages: [BuildMaster] 2
[2016.10.08-04.34.00:619][  2]LogBlueprintUserMessages: [BuildMaster] 1
[2016.10.08-04.34.00:852][ 10]PIE:Warning: Warning Trying to simulate physics on ''/Temp/Autosaves/Game/Level/UEDPCTheLevel.TheLevel:PersistentLevel.CompTrapeze_C_47.Basement'' but no physics body.
[2016.10.08-04.34.01:597][ 36]PIE:Warning: Warning Trying to simulate physics on ''/Temp/Autosaves/Game/Level/UEDPCTheLevel.TheLevel:PersistentLevel.CompCube_C_78.Basement'' but no physics body.
[2016.10.08-04.34.02:474][ 66]PIE:Warning: Warning Trying to simulate physics on ''/Temp/Autosaves/Game/Level/UEDPCTheLevel.TheLevel:PersistentLevel.CompTrapeze_C_45.Basement'' but no physics body.
[2016.10.08-04.34.04:630][138]LogBlueprintUserMessages: [BuildMaster] Success
[2016.10.08-04.34.06:225][197]LogBlueprintUserMessages: [BuildMaster] 3
[2016.10.08-04.34.54:511][964]PIE:Warning: Warning Trying to simulate physics on ''/Temp/Autosaves/Game/Level/UEDPCTheLevel.TheLevel:PersistentLevel.CompCube_C_80.Basement'' but no physics body.
[2016.10.08-04.34.54:536][964]PIE:Warning: Warning Trying to simulate physics on ''/Temp/Autosaves/Game/Level/UEDPCTheLevel.TheLevel:PersistentLevel.CompCube_C_81.Basement'' but no physics body.
[2016.10.08-04.34.54:557][964]PIE:Warning: Warning Trying to simulate physics on ''/Temp/Autosaves/Game/Level/UEDPCTheLevel.TheLevel:PersistentLevel.CompCube_C_82.Basement'' but no physics body.
[2016.10.08-04.34.54:575][964]PIE:Warning: Warning Trying to simulate physics on ''/Temp/Autosaves/Game/Level/UEDPCTheLevel.TheLevel:PersistentLevel.CompCube_C_83.Basement'' but no physics body.
[2016.10.08-04.34.54:590][964]PIE:Warning: Warning Trying to simulate physics on ''/Temp/Autosaves/Game/Level/UEDPCTheLevel.TheLevel:PersistentLevel.CompPyramideInverted_C_27.Basement'' but no physics body.
[2016.10.08-04.34.54:605][964]PIE:Warning: Warning Trying to simulate physics on ''/Temp/Autosaves/Game/Level/UEDPCTheLevel.TheLevel:PersistentLevel.CompPyramide_C_26.Basement'' but no physics body.
[2016.10.08-04.34.54:620][964]PIE:Warning: Warning Trying to simulate physics on ''/Temp/Autosaves/Game/Level/UEDPCTheLevel.TheLevel:PersistentLevel.CompTrapeze_C_48.Basement'' but no physics body.
[2016.10.08-04.34.54:624][964]PIE:Warning: Warning Trying to simulate physics on ''/Temp/Autosaves/Game/Level/UEDPCTheLevel.TheLevel:PersistentLevel.CompTrapeze_C_49.Basement'' but no physics body.
[2016.10.08-04.34.54:629][964]PIE:Warning: Warning Trying to simulate physics on ''/Temp/Autosaves/Game/Level/UEDPCTheLevel.TheLevel:PersistentLevel.CompTrapeze_C_50.Basement'' but no physics body.
[2016.10.08-04.34.54:634][964]PIE:Warning: Warning Trying to simulate physics on ''/Temp/Autosaves/Game/Level/UEDPCTheLevel.TheLevel:PersistentLevel.CompTrapeze_C_51.Basement'' but no physics body.
[2016.10.08-04.34.54:639][964]PIE:Warning: Warning Trying to simulate physics on ''/Temp/Autosaves/Game/Level/UEDPCTheLevel.TheLevel:PersistentLevel.CompCube_C_84.Basement'' but no physics body.
[2016.10.08-04.34.54:656][964]PIE:Warning: Warning Trying to simulate physics on ''/Temp/Autosaves/Game/Level/UEDPCTheLevel.TheLevel:PersistentLevel.CompCube_C_85.Basement'' but no physics body.
[2016.10.08-04.34.54:675][964]PIE:Warning: Warning Trying to simulate physics on ''/Temp/Autosaves/Game/Level/UEDPCTheLevel.TheLevel:PersistentLevel.CompCube_C_86.Basement'' but no physics body.
[2016.10.08-04.34.54:691][964]PIE:Warning: Warning Trying to simulate physics on ''/Temp/Autosaves/Game/Level/UEDPCTheLevel.TheLevel:PersistentLevel.CompCube_C_87.Basement'' but no physics body.
[2016.10.08-04.34.54:707][964]PIE:Warning: Warning Trying to simulate physics on ''/Temp/Autosaves/Game/Level/UEDPCTheLevel.TheLevel:PersistentLevel.CompTrapeze_C_52.Basement'' but no physics body.
[2016.10.08-04.34.54:710][964]PIE:Warning: Warning Trying to simulate physics on ''/Temp/Autosaves/Game/Level/UEDPCTheLevel.TheLevel:PersistentLevel.CompTrapeze_C_53.Basement'' but no physics body.
[2016.10.08-04.34.54:715][964]PIE:Warning: Warning Trying to simulate physics on ''/Temp/Autosaves/Game/Level/UEDPCTheLevel.TheLevel:PersistentLevel.CompTrapeze_C_54.Basement'' but no physics body.
[2016.10.08-04.34.54:720][964]PIE:Warning: Warning Trying to simulate physics on ''/Temp/Autosaves/Game/Level/UEDPCTheLevel.TheLevel:PersistentLevel.CompTrapeze_C_55.Basement'' but no physics body.
[2016.10.08-04.34.54:725][964]PIE:Warning: Warning Trying to simulate physics on ''/Temp/Autosaves/Game/Level/UEDPCTheLevel.TheLevel:PersistentLevel.CompTrapeze_C_56.Basement'' but no physics body.
[2016.10.08-04.34.54:728][964]PIE:Warning: Warning Trying to simulate physics on ''/Temp/Autosaves/Game/Level/UEDPCTheLevel.TheLevel:PersistentLevel.CompTrapeze_C_57.Basement'' but no physics body.
[2016.10.08-04.34.54:731][964]PIE:Warning: Warning Trying to simulate physics on ''/Temp/Autosaves/Game/Level/UEDPCTheLevel.TheLevel:PersistentLevel.CompTrapeze_C_58.Basement'' but no physics body.
[2016.10.08-04.34.54:734][964]PIE:Warning: Warning Trying to simulate physics on ''/Temp/Autosaves/Game/Level/UEDPCTheLevel.TheLevel:PersistentLevel.CompTrapeze_C_59.Basement'' but no physics body.
[2016.10.08-04.34.54:739][964]PIE:Warning: Warning Trying to simulate physics on ''/Temp/Autosaves/Game/Level/UEDPCTheLevel.TheLevel:PersistentLevel.CompTrapeze_C_60.Basement'' but no physics body.
[2016.10.08-04.34.54:743][964]PIE:Warning: Warning Trying to simulate physics on ''/Temp/Autosaves/Game/Level/UEDPCTheLevel.TheLevel:PersistentLevel.CompTrapeze_C_61.Basement'' but no physics body.
[2016.10.08-04.34.54:748][964]PIE:Warning: Warning Trying to simulate physics on ''/Temp/Autosaves/Game/Level/UEDPCTheLevel.TheLevel:PersistentLevel.CompCube_C_88.Basement'' but no physics body.
[2016.10.08-04.34.54:756][964]PIE:Warning: Warning Trying to simulate physics on ''/Temp/Autosaves/Game/Level/UEDPCTheLevel.TheLevel:PersistentLevel.CompCube_C_89.Basement'' but no physics body.
[2016.10.08-04.34.54:766][964]PIE:Warning: Warning Trying to simulate physics on ''/Temp/Autosaves/Game/Level/UEDPCTheLevel.TheLevel:PersistentLevel.CompCube_C_90.Basement'' but no physics body.
[2016.10.08-04.34.54:776][964]PIE:Warning: Warning Trying to simulate physics on ''/Temp/Autosaves/Game/Level/UEDPCTheLevel.TheLevel:PersistentLevel.CompCube_C_91.Basement'' but no physics body.
[2016.10.08-04.34.54:786][964]PIE:Warning: Warning Trying to simulate physics on ''/Temp/Autosaves/Game/Level/UEDPCTheLevel.TheLevel:PersistentLevel.CompCube_C_92.Basement'' but no physics body.
[2016.10.08-04.34.54:791][964]PIE:Warning: Warning Trying to simulate physics on ''/Temp/Autosaves/Game/Level/UEDPCTheLevel.TheLevel:PersistentLevel.CompCube_C_93.Basement'' but no physics body.
[2016.10.08-04.34.54:797][964]PIE:Warning: Warning Trying to simulate physics on ''/Temp/Autosaves/Game/Level/UEDPCTheLevel.TheLevel:PersistentLevel.CompCube_C_94.Basement'' but no physics body.
[2016.10.08-04.34.54:803][964]PIE:Warning: Warning Trying to simulate physics on ''/Temp/Autosaves/Game/Level/UEDPCTheLevel.TheLevel:PersistentLevel.CompPyramideInverted_C_28.Basement'' but no physics body.
[2016.10.08-04.34.54:807][964]PIE:Warning: Warning Trying to simulate physics on ''/Temp/Autosaves/Game/Level/UEDPCTheLevel.TheLevel:PersistentLevel.CompPyramide_C_27.Basement'' but no physics body.
[2016.10.08-04.34.54:811][964]PIE:Warning: Warning Trying to simulate physics on ''/Temp/Autosaves/Game/Level/UEDPCTheLevel.TheLevel:PersistentLevel.CompPyramide_C_28.Basement'' but no physics body.
[2016.10.08-04.34.54:815][964]PIE:Warning: Warning Trying to simulate physics on ''/Temp/Autosaves/Game/Level/UEDPCTheLevel.TheLevel:PersistentLevel.CompPyramideInverted_C_29.Basement'' but no physics body.
[2016.10.08-04.34.54:821][964]PIE:Warning: Warning Trying to simulate physics on ''/Temp/Autosaves/Game/Level/UEDPCTheLevel.TheLevel:PersistentLevel.CompTrapeze_C_62.Basement'' but no physics body.
[2016.10.08-04.34.54:826][964]PIE:Warning: Warning Trying to simulate physics on ''/Temp/Autosaves/Game/Level/UEDPCTheLevel.TheLevel:PersistentLevel.CompTrapeze_C_63.Basement'' but no physics body.
[2016.10.08-04.34.54:829][964]PIE:Warning: Warning Trying to simulate physics on ''/Temp/Autosaves/Game/Level/UEDPCTheLevel.TheLevel:PersistentLevel.CompCube_C_95.Basement'' but no physics body.
[2016.10.08-04.34.54:837][964]PIE:Warning: Warning Trying to simulate physics on ''/Temp/Autosaves/Game/Level/UEDPCTheLevel.TheLevel:PersistentLevel.CompPyramide_C_29.Basement'' but no physics body.
[2016.10.08-04.34.54:840][964]PIE:Warning: Warning Trying to simulate physics on ''/Temp/Autosaves/Game/Level/UEDPCTheLevel.TheLevel:PersistentLevel.CompPyramide_C_30.Basement'' but no physics body.
[2016.10.08-04.34.54:845][964]PIE:Warning: Warning Trying to simulate physics on ''/Temp/Autosaves/Game/Level/UEDPCTheLevel.TheLevel:PersistentLevel.CompTrapeze_C_64.Basement'' but no physics body.
[2016.10.08-04.34.54:848][964]PIE:Warning: Warning Trying to simulate physics on ''/Temp/Autosaves/Game/Level/UEDPCTheLevel.TheLevel:PersistentLevel.CompTrapeze_C_65.Basement'' but no physics body.
[2016.10.08-04.34.54:852][964]PIE:Warning: Warning Trying to simulate physics on ''/Temp/Autosaves/Game/Level/UEDPCTheLevel.TheLevel:PersistentLevel.CompTrapeze_C_66.Basement'' but no physics body.
[2016.10.08-04.34.54:858][964]PIE:Warning: Warning Trying to simulate physics on ''/Temp/Autosaves/Game/Level/UEDPCTheLevel.TheLevel:PersistentLevel.CompTrapeze_C_67.Basement'' but no physics body.
[2016.10.08-04.34.54:864][964]PIE:Warning: Warning Trying to simulate physics on ''/Temp/Autosaves/Game/Level/UEDPCTheLevel.TheLevel:PersistentLevel.CompPyramideInverted_C_30.Basement'' but no physics body.
[2016.10.08-04.34.54:888][964]PIE:Warning: Warning Trying to simulate physics on ''/Temp/Autosaves/Game/Level/UEDPCTheLevel.TheLevel:PersistentLevel.CompPyramide_C_31.Basement'' but no physics body.
[2016.10.08-04.34.54:904][964]PIE:Warning: Warning Trying to simulate physics on ''/Temp/Autosaves/Game/Level/UEDPCTheLevel.TheLevel:PersistentLevel.CompTrapeze_C_68.Basement'' but no physics body.
[2016.10.08-04.34.54:908][964]PIE:Warning: Warning Trying to simulate physics on ''/Temp/Autosaves/Game/Level/UEDPCTheLevel.TheLevel:PersistentLevel.CompTrapeze_C_69.Basement'' but no physics body.
[2016.10.08-04.34.54:910][964]PIE:Warning: Warning Trying to simulate physics on ''/Temp/Autosaves/Game/Level/UEDPCTheLevel.TheLevel:PersistentLevel.CompCube_C_96.Basement'' but no physics body.
[2016.10.08-04.34.54:918][964]PIE:Warning: Warning Trying to simulate physics on ''/Temp/Autosaves/Game/Level/UEDPCTheLevel.TheLevel:PersistentLevel.CompCube_C_97.Basement'' but no physics body.
[2016.10.08-04.34.54:923][964]PIE:Warning: Warning Trying to simulate physics on ''/Temp/Autosaves/Game/Level/UEDPCTheLevel.TheLevel:PersistentLevel.CompCube_C_98.Basement'' but no physics body.
[2016.10.08-04.34.54:931][964]PIE:Warning: Warning Trying to simulate physics on ''/Temp/Autosaves/Game/Level/UEDPCTheLevel.TheLevel:PersistentLevel.CompCube_C_99.Basement'' but no physics body.
[2016.10.08-04.34.54:938][964]PIE:Warning: Warning Trying to simulate physics on ''/Temp/Autosaves/Game/Level/UEDPCTheLevel.TheLevel:PersistentLevel.CompCube_C_100.Basement'' but no physics body.
[2016.10.08-04.34.54:945][964]PIE:Warning: Warning Trying to simulate physics on ''/Temp/Autosaves/Game/Level/UEDPCTheLevel.TheLevel:PersistentLevel.CompCube_C_101.Basement'' but no physics body.
[2016.10.08-04.34.54:954][964]PIE:Warning: Warning Trying to simulate physics on ''/Temp/Autosaves/Game/Level/UEDPCTheLevel.TheLevel:PersistentLevel.CompCube_C_102.Basement'' but no physics body.
[2016.10.08-04.34.54:959][964]PIE:Warning: Warning Trying to simulate physics on ''/Temp/Autosaves/Game/Level/UEDPCTheLevel.TheLevel:PersistentLevel.CompCube_C_103.Basement'' but no physics body.
[2016.10.08-04.34.54:969][964]PIE:Warning: Warning Trying to simulate physics on ''/Temp/Autosaves/Game/Level/UEDPCTheLevel.TheLevel:PersistentLevel.CompTrapeze_C_70.Basement'' but no physics body.
[2016.10.08-04.34.54:974][964]PIE:Warning: Warning Trying to simulate physics on ''/Temp/Autosaves/Game/Level/UEDPCTheLevel.TheLevel:PersistentLevel.CompTrapeze_C_71.Basement'' but no physics body.
[2016.10.08-04.34.54:982][964]PIE:Warning: Warning Trying to simulate physics on ''/Temp/Autosaves/Game/Level/UEDPCTheLevel.TheLevel:PersistentLevel.CompPyramideInverted_C_31.Basement'' but no physics body.
[2016.10.08-04.34.54:990][964]PIE:Warning: Warning Trying to simulate physics on ''/Temp/Autosaves/Game/Level/UEDPCTheLevel.TheLevel:PersistentLevel.CompPyramideInverted_C_32.Basement'' but no physics body.
[2016.10.08-04.34.54:997][964]PIE:Warning: Warning Trying to simulate physics on ''/Temp/Autosaves/Game/Level/UEDPCTheLevel.TheLevel:PersistentLevel.CompPyramide_C_32.Basement'' but no physics body.
[2016.10.08-04.34.55:001][964]PIE:Warning: Warning Trying to simulate physics on ''/Temp/Autosaves/Game/Level/UEDPCTheLevel.TheLevel:PersistentLevel.CompPyramide_C_33.Basement'' but no physics body.
[2016.10.08-04.34.55:005][964]PIE:Warning: Warning Trying to simulate physics on ''/Temp/Autosaves/Game/Level/UEDPCTheLevel.TheLevel:PersistentLevel.CompPyramide_C_34.Basement'' but no physics body.
[2016.10.08-04.34.55:010][964]PIE:Warning: Warning Trying to simulate physics on ''/Temp/Autosaves/Game/Level/UEDPCTheLevel.TheLevel:PersistentLevel.CompPyramide_C_35.Basement'' but no physics body.
[2016.10.08-04.34.55:014][964]PIE:Warning: Warning Trying to simulate physics on ''/Temp/Autosaves/Game/Level/UEDPCTheLevel.TheLevel:PersistentLevel.CompPyramide_C_36.Basement'' but no physics body.
[2016.10.08-04.34.55:019][964]PIE:Warning: Warning Trying to simulate physics on ''/Temp/Autosaves/Game/Level/UEDPCTheLevel.TheLevel:PersistentLevel.CompCube_C_104.Basement'' but no physics body.
[2016.10.08-04.34.55:035][964]PIE:Warning: Warning Trying to simulate physics on ''/Temp/Autosaves/Game/Level/UEDPCTheLevel.TheLevel:PersistentLevel.CompTrapeze_C_72.Basement'' but no physics body.
[2016.10.08-04.34.55:051][964]PIE:Warning: Warning Trying to simulate physics on ''/Temp/Autosaves/Game/Level/UEDPCTheLevel.TheLevel:PersistentLevel.CompTrapeze_C_73.Basement'' but no physics body.
[2016.10.08-04.35.13:365][477]LogEngine: All Windows Closed
[2016.10.08-04.35.13:365][477]LogWindows: FPlatformMisc::RequestExit(0)
[2016.10.08-04.35.13:993][478]LogExit: Preparing to exit.
[2016.10.08-04.35.14:437][478]LogExit: Game engine shut down
[2016.10.08-04.35.14:439][478]LogParticles: Destroying 0 GPU particle simulations for FXSystem 0x000001B1FE2445E0
[2016.10.08-04.35.15:736][478]LogExit: Object subsystem successfully closed.
[2016.10.08-04.35.16:014][478]LogD3D11RHI: Shutdown
[2016.10.08-04.35.16:014][478]LogD3D11RHI: CleanupD3DDevice
[2016.10.08-04.35.16:451][478]LogD3D11RHI: ~FD3D11DynamicRHI
[2016.10.08-04.35.16:771][478]LogModuleManager: Shutting down and abandoning module AndroidDeviceDetection (118)
[2016.10.08-04.35.17:290][478]LogModuleManager: Shutting down and abandoning module AutomationController (117)
[2016.10.08-04.35.17:307][478]LogModuleManager: Shutting down and abandoning module AutomationWorker (116)
[2016.10.08-04.35.17:307][478]LogModuleManager: Shutting down and abandoning module CharacterAI (115)
[2016.10.08-04.35.17:307][478]LogModuleManager: Shutting down and abandoning module AITestSuite (114)
[2016.10.08-04.35.17:322][478]LogModuleManager: Shutting down and abandoning module GameplayDebugger (113)
[2016.10.08-04.35.17:335][478]LogModuleManager: Shutting down and abandoning module AIModule (112)
[2016.10.08-04.35.17:335][478]LogModuleManager: Shutting down and abandoning module AssetRegistry (111)
[2016.10.08-04.35.17:337][478]LogModuleManager: Shutting down and abandoning module MovieSceneCapture (110)
[2016.10.08-04.35.17:337][478]LogModuleManager: Shutting down and abandoning module GameLiveStreaming (109)
[2016.10.08-04.35.17:352][478]LogModuleManager: Shutting down and abandoning module StreamingPauseRendering (108)
[2016.10.08-04.35.17:352][478]LogModuleManager: Shutting down and abandoning module ProfilerService (107)
[2016.10.08-04.35.17:486][478]LogModuleManager: Shutting down and abandoning module TaskGraph (106)
[2016.10.08-04.35.17:512][478]LogModuleManager: Shutting down and abandoning module SlateRemote (105)
[2016.10.08-04.35.17:512][478]LogModuleManager: Shutting down and abandoning module SteamVRController (104)
[2016.10.08-04.35.17:512][478]LogModuleManager: Shutting down and abandoning module SteamVR (103)
[2016.10.08-04.35.17:512][478]LogModuleManager: Shutting down and abandoning module ProceduralMeshComponent (102)
[2016.10.08-04.35.17:512][478]LogModuleManager: Shutting down and abandoning module OculusLibrary (101)
[2016.10.08-04.35.17:512][478]LogModuleManager: Shutting down and abandoning module OculusInput (100)
[2016.10.08-04.35.17:512][478]LogModuleManager: Shutting down and abandoning module LeapMotionController (99)
[2016.10.08-04.35.17:549][478]LogModuleManager: Shutting down and abandoning module CustomMeshComponent (98)
[2016.10.08-04.35.17:549][478]LogModuleManager: Shutting down and abandoning module CableComponent (97)
[2016.10.08-04.35.17:575][478]LogModuleManager: Shutting down and abandoning module ArchVisCharacter (96)
[2016.10.08-04.35.17:575][478]LogModuleManager: Shutting down and aband